<?xml version="1.0" encoding="UTF-8"?>
<coverage generated="1595249085872" clover="3.2.0">
  <project timestamp="1595249085873" name="All files">
    <metrics statements="250" coveredstatements="192" conditionals="76" coveredconditionals="43" methods="92" coveredmethods="51" elements="418" coveredelements="286" complexity="0" loc="250" ncloc="250" packages="23" files="28" classes="28"/>
    <package name="src">
      <metrics statements="17" coveredstatements="12" conditionals="2" coveredconditionals="0" methods="3" coveredmethods="2"/>
      <file name="api.js" path="C:\Users\Mikael Magtesyan\Desktop\projects\1100875-six-cities-4\src\api.js">
        <metrics statements="13" coveredstatements="8" conditionals="2" coveredconditionals="0" methods="3" coveredmethods="2"/>
        <line num="3" count="1" type="stmt"/>
        <line num="7" count="1" type="stmt"/>
        <line num="8" count="1" type="stmt"/>
        <line num="14" count="1" type="stmt"/>
        <line num="15" count="1" type="stmt"/>
        <line num="18" count="1" type="stmt"/>
        <line num="19" count="0" type="stmt"/>
        <line num="21" count="0" type="cond" truecount="0" falsecount="2"/>
        <line num="22" count="0" type="stmt"/>
        <line num="26" count="0" type="stmt"/>
        <line num="29" count="0" type="stmt"/>
        <line num="32" count="1" type="stmt"/>
        <line num="34" count="1" type="stmt"/>
      </file>
      <file name="const.js" path="C:\Users\Mikael Magtesyan\Desktop\projects\1100875-six-cities-4\src\const.js">
        <metrics statements="4" coveredstatements="4" conditionals="0" coveredconditionals="0" methods="0" coveredmethods="0"/>
        <line num="1" count="9" type="stmt"/>
        <line num="2" count="9" type="stmt"/>
        <line num="10" count="9" type="stmt"/>
        <line num="14" count="9" type="stmt"/>
      </file>
    </package>
    <package name="src.adapters">
      <metrics statements="12" coveredstatements="11" conditionals="4" coveredconditionals="2" methods="3" coveredmethods="3"/>
      <file name="offers.js" path="C:\Users\Mikael Magtesyan\Desktop\projects\1100875-six-cities-4\src\adapters\offers.js">
        <metrics statements="12" coveredstatements="11" conditionals="4" coveredconditionals="2" methods="3" coveredmethods="3"/>
        <line num="3" count="2" type="stmt"/>
        <line num="4" count="2" type="stmt"/>
        <line num="6" count="2" type="stmt"/>
        <line num="7" count="1" type="stmt"/>
        <line num="29" count="1" type="stmt"/>
        <line num="32" count="2" type="stmt"/>
        <line num="33" count="1" type="stmt"/>
        <line num="34" count="1" type="cond" truecount="1" falsecount="1"/>
        <line num="35" count="1" type="stmt"/>
        <line num="37" count="0" type="stmt"/>
        <line num="39" count="1" type="stmt"/>
        <line num="42" count="1" type="stmt"/>
      </file>
    </package>
    <package name="src.clients">
      <metrics statements="3" coveredstatements="3" conditionals="0" coveredconditionals="0" methods="3" coveredmethods="1"/>
      <file name="data.js" path="C:\Users\Mikael Magtesyan\Desktop\projects\1100875-six-cities-4\src\clients\data.js">
        <metrics statements="1" coveredstatements="1" conditionals="0" coveredconditionals="0" methods="1" coveredmethods="1"/>
        <line num="1" count="2" type="stmt"/>
      </file>
      <file name="login.js" path="C:\Users\Mikael Magtesyan\Desktop\projects\1100875-six-cities-4\src\clients\login.js">
        <metrics statements="2" coveredstatements="2" conditionals="0" coveredconditionals="0" methods="2" coveredmethods="0"/>
        <line num="1" count="2" type="stmt"/>
        <line num="2" count="2" type="stmt"/>
      </file>
    </package>
    <package name="src.components.app">
      <metrics statements="21" coveredstatements="10" conditionals="10" coveredconditionals="3" methods="9" coveredmethods="2"/>
      <file name="app.jsx" path="C:\Users\Mikael Magtesyan\Desktop\projects\1100875-six-cities-4\src\components\app\app.jsx">
        <metrics statements="21" coveredstatements="10" conditionals="10" coveredconditionals="3" methods="9" coveredmethods="2"/>
        <line num="20" count="1" type="stmt"/>
        <line num="21" count="1" type="cond" truecount="1" falsecount="1"/>
        <line num="23" count="1" type="cond" truecount="1" falsecount="1"/>
        <line num="24" count="1" type="stmt"/>
        <line num="40" count="0" type="cond" truecount="0" falsecount="2"/>
        <line num="41" count="0" type="stmt"/>
        <line num="52" count="0" type="cond" truecount="0" falsecount="2"/>
        <line num="53" count="0" type="stmt"/>
        <line num="59" count="0" type="stmt"/>
        <line num="63" count="1" type="stmt"/>
        <line num="64" count="1" type="cond" truecount="1" falsecount="1"/>
        <line num="65" count="1" type="stmt"/>
        <line num="91" count="1" type="stmt"/>
        <line num="107" count="1" type="stmt"/>
        <line num="118" count="1" type="stmt"/>
        <line num="120" count="0" type="stmt"/>
        <line num="123" count="0" type="stmt"/>
        <line num="126" count="0" type="stmt"/>
        <line num="129" count="0" type="stmt"/>
        <line num="130" count="0" type="stmt"/>
        <line num="133" count="0" type="stmt"/>
      </file>
    </package>
    <package name="src.components.city">
      <metrics statements="6" coveredstatements="6" conditionals="2" coveredconditionals="2" methods="2" coveredmethods="1"/>
      <file name="city.jsx" path="C:\Users\Mikael Magtesyan\Desktop\projects\1100875-six-cities-4\src\components\city\city.jsx">
        <metrics statements="6" coveredstatements="6" conditionals="2" coveredconditionals="2" methods="2" coveredmethods="1"/>
        <line num="4" count="5" type="stmt"/>
        <line num="5" count="12" type="stmt"/>
        <line num="6" count="12" type="cond" truecount="2" falsecount="0"/>
        <line num="7" count="12" type="stmt"/>
        <line num="9" count="12" type="stmt"/>
        <line num="21" count="5" type="stmt"/>
      </file>
    </package>
    <package name="src.components.city-list">
      <metrics statements="6" coveredstatements="6" conditionals="0" coveredconditionals="0" methods="2" coveredmethods="2"/>
      <file name="city-list.jsx" path="C:\Users\Mikael Magtesyan\Desktop\projects\1100875-six-cities-4\src\components\city-list\city-list.jsx">
        <metrics statements="6" coveredstatements="6" conditionals="0" coveredconditionals="0" methods="2" coveredmethods="2"/>
        <line num="6" count="4" type="stmt"/>
        <line num="7" count="4" type="stmt"/>
        <line num="8" count="4" type="stmt"/>
        <line num="9" count="11" type="stmt"/>
        <line num="19" count="4" type="stmt"/>
        <line num="28" count="4" type="stmt"/>
      </file>
    </package>
    <package name="src.components.empty-screen">
      <metrics statements="2" coveredstatements="2" conditionals="0" coveredconditionals="0" methods="1" coveredmethods="1"/>
      <file name="empty-screen.jsx" path="C:\Users\Mikael Magtesyan\Desktop\projects\1100875-six-cities-4\src\components\empty-screen\empty-screen.jsx">
        <metrics statements="2" coveredstatements="2" conditionals="0" coveredconditionals="0" methods="1" coveredmethods="1"/>
        <line num="3" count="4" type="stmt"/>
        <line num="4" count="1" type="stmt"/>
      </file>
    </package>
    <package name="src.components.feedback">
      <metrics statements="6" coveredstatements="6" conditionals="0" coveredconditionals="0" methods="1" coveredmethods="1"/>
      <file name="feedback.jsx" path="C:\Users\Mikael Magtesyan\Desktop\projects\1100875-six-cities-4\src\components\feedback\feedback.jsx">
        <metrics statements="6" coveredstatements="6" conditionals="0" coveredconditionals="0" methods="1" coveredmethods="1"/>
        <line num="6" count="4" type="stmt"/>
        <line num="7" count="7" type="stmt"/>
        <line num="8" count="7" type="stmt"/>
        <line num="9" count="7" type="stmt"/>
        <line num="11" count="7" type="stmt"/>
        <line num="37" count="4" type="stmt"/>
      </file>
    </package>
    <package name="src.components.feedback-list">
      <metrics statements="6" coveredstatements="6" conditionals="0" coveredconditionals="0" methods="2" coveredmethods="2"/>
      <file name="feedback-list.jsx" path="C:\Users\Mikael Magtesyan\Desktop\projects\1100875-six-cities-4\src\components\feedback-list\feedback-list.jsx">
        <metrics statements="6" coveredstatements="6" conditionals="0" coveredconditionals="0" methods="2" coveredmethods="2"/>
        <line num="6" count="3" type="stmt"/>
        <line num="7" count="2" type="stmt"/>
        <line num="8" count="2" type="stmt"/>
        <line num="9" count="6" type="stmt"/>
        <line num="17" count="2" type="stmt"/>
        <line num="73" count="3" type="stmt"/>
      </file>
    </package>
    <package name="src.components.main">
      <metrics statements="9" coveredstatements="9" conditionals="16" coveredconditionals="11" methods="1" coveredmethods="1"/>
      <file name="main.jsx" path="C:\Users\Mikael Magtesyan\Desktop\projects\1100875-six-cities-4\src\components\main\main.jsx">
        <metrics statements="9" coveredstatements="9" conditionals="16" coveredconditionals="11" methods="1" coveredmethods="1"/>
        <line num="11" count="3" type="stmt"/>
        <line num="13" count="3" type="stmt"/>
        <line num="14" count="3" type="stmt"/>
        <line num="15" count="3" type="stmt"/>
        <line num="16" count="3" type="cond" truecount="1" falsecount="1"/>
        <line num="17" count="3" type="cond" truecount="1" falsecount="1"/>
        <line num="18" count="3" type="cond" truecount="1" falsecount="1"/>
        <line num="20" count="3" type="stmt"/>
        <line num="92" count="3" type="stmt"/>
      </file>
    </package>
    <package name="src.components.map">
      <metrics statements="20" coveredstatements="19" conditionals="4" coveredconditionals="4" methods="8" coveredmethods="7"/>
      <file name="map.jsx" path="C:\Users\Mikael Magtesyan\Desktop\projects\1100875-six-cities-4\src\components\map\map.jsx">
        <metrics statements="20" coveredstatements="19" conditionals="4" coveredconditionals="4" methods="8" coveredmethods="7"/>
        <line num="7" count="5" type="stmt"/>
        <line num="8" count="5" type="stmt"/>
        <line num="10" count="5" type="stmt"/>
        <line num="11" count="5" type="stmt"/>
        <line num="12" count="5" type="stmt"/>
        <line num="16" count="5" type="stmt"/>
        <line num="17" count="5" type="stmt"/>
        <line num="18" count="5" type="stmt"/>
        <line num="22" count="0" type="stmt"/>
        <line num="26" count="5" type="stmt"/>
        <line num="33" count="5" type="stmt"/>
        <line num="40" count="5" type="stmt"/>
        <line num="44" count="5" type="stmt"/>
        <line num="46" count="5" type="stmt"/>
        <line num="47" count="21" type="stmt"/>
        <line num="48" count="21" type="stmt"/>
        <line num="53" count="21" type="cond" truecount="2" falsecount="0"/>
        <line num="54" count="20" type="stmt"/>
        <line num="62" count="5" type="stmt"/>
        <line num="68" count="5" type="stmt"/>
      </file>
    </package>
    <package name="src.components.place-card">
      <metrics statements="7" coveredstatements="7" conditionals="2" coveredconditionals="2" methods="3" coveredmethods="3"/>
      <file name="place-card.jsx" path="C:\Users\Mikael Magtesyan\Desktop\projects\1100875-six-cities-4\src\components\place-card\place-card.jsx">
        <metrics statements="7" coveredstatements="7" conditionals="2" coveredconditionals="2" methods="3" coveredmethods="3"/>
        <line num="7" count="7" type="stmt"/>
        <line num="8" count="28" type="stmt"/>
        <line num="9" count="28" type="stmt"/>
        <line num="10" count="28" type="stmt"/>
        <line num="11" count="28" type="stmt"/>
        <line num="13" count="28" type="stmt"/>
        <line num="59" count="7" type="stmt"/>
      </file>
    </package>
    <package name="src.components.place-cards-list">
      <metrics statements="11" coveredstatements="8" conditionals="10" coveredconditionals="6" methods="6" coveredmethods="3"/>
      <file name="place-cards-list.jsx" path="C:\Users\Mikael Magtesyan\Desktop\projects\1100875-six-cities-4\src\components\place-cards-list\place-cards-list.jsx">
        <metrics statements="11" coveredstatements="8" conditionals="10" coveredconditionals="6" methods="6" coveredmethods="3"/>
        <line num="9" count="5" type="cond" truecount="1" falsecount="3"/>
        <line num="11" count="0" type="stmt"/>
        <line num="13" count="0" type="stmt"/>
        <line num="15" count="0" type="stmt"/>
        <line num="17" count="5" type="stmt"/>
        <line num="22" count="5" type="stmt"/>
        <line num="23" count="5" type="cond" truecount="1" falsecount="1"/>
        <line num="25" count="5" type="stmt"/>
        <line num="26" count="25" type="stmt"/>
        <line num="35" count="5" type="stmt"/>
        <line num="57" count="5" type="stmt"/>
      </file>
    </package>
    <package name="src.components.place-details">
      <metrics statements="5" coveredstatements="5" conditionals="4" coveredconditionals="3" methods="1" coveredmethods="1"/>
      <file name="place-details.jsx" path="C:\Users\Mikael Magtesyan\Desktop\projects\1100875-six-cities-4\src\components\place-details\place-details.jsx">
        <metrics statements="5" coveredstatements="5" conditionals="4" coveredconditionals="3" methods="1" coveredmethods="1"/>
        <line num="11" count="2" type="stmt"/>
        <line num="12" count="1" type="stmt"/>
        <line num="13" count="1" type="stmt"/>
        <line num="14" count="1" type="stmt"/>
        <line num="134" count="2" type="stmt"/>
      </file>
    </package>
    <package name="src.components.place-details-features">
      <metrics statements="6" coveredstatements="6" conditionals="0" coveredconditionals="0" methods="2" coveredmethods="2"/>
      <file name="place-details-features.jsx" path="C:\Users\Mikael Magtesyan\Desktop\projects\1100875-six-cities-4\src\components\place-details-features\place-details-features.jsx">
        <metrics statements="6" coveredstatements="6" conditionals="0" coveredconditionals="0" methods="2" coveredmethods="2"/>
        <line num="4" count="3" type="stmt"/>
        <line num="5" count="2" type="stmt"/>
        <line num="7" count="2" type="stmt"/>
        <line num="8" count="18" type="stmt"/>
        <line num="15" count="2" type="stmt"/>
        <line num="25" count="3" type="stmt"/>
      </file>
    </package>
    <package name="src.components.place-details-gallery">
      <metrics statements="6" coveredstatements="6" conditionals="0" coveredconditionals="0" methods="2" coveredmethods="2"/>
      <file name="place-details-gallery.jsx" path="C:\Users\Mikael Magtesyan\Desktop\projects\1100875-six-cities-4\src\components\place-details-gallery\place-details-gallery.jsx">
        <metrics statements="6" coveredstatements="6" conditionals="0" coveredconditionals="0" methods="2" coveredmethods="2"/>
        <line num="5" count="3" type="stmt"/>
        <line num="6" count="2" type="stmt"/>
        <line num="8" count="2" type="stmt"/>
        <line num="9" count="12" type="stmt"/>
        <line num="16" count="2" type="stmt"/>
        <line num="25" count="3" type="stmt"/>
      </file>
    </package>
    <package name="src.components.places-sorting">
      <metrics statements="9" coveredstatements="8" conditionals="4" coveredconditionals="4" methods="3" coveredmethods="2"/>
      <file name="places-sorting.jsx" path="C:\Users\Mikael Magtesyan\Desktop\projects\1100875-six-cities-4\src\components\places-sorting\places-sorting.jsx">
        <metrics statements="9" coveredstatements="8" conditionals="4" coveredconditionals="4" methods="3" coveredmethods="2"/>
        <line num="6" count="5" type="stmt"/>
        <line num="7" count="5" type="cond" truecount="2" falsecount="0"/>
        <line num="8" count="5" type="stmt"/>
        <line num="9" count="20" type="cond" truecount="2" falsecount="0"/>
        <line num="11" count="20" type="stmt"/>
        <line num="12" count="0" type="stmt"/>
        <line num="15" count="20" type="stmt"/>
        <line num="27" count="5" type="stmt"/>
        <line num="51" count="7" type="stmt"/>
      </file>
    </package>
    <package name="src.components.sign-in">
      <metrics statements="9" coveredstatements="7" conditionals="0" coveredconditionals="0" methods="2" coveredmethods="1"/>
      <file name="sign-in.jsx" path="C:\Users\Mikael Magtesyan\Desktop\projects\1100875-six-cities-4\src\components\sign-in\sign-in.jsx">
        <metrics statements="9" coveredstatements="7" conditionals="0" coveredconditionals="0" methods="2" coveredmethods="1"/>
        <line num="4" count="2" type="stmt"/>
        <line num="5" count="1" type="stmt"/>
        <line num="6" count="1" type="stmt"/>
        <line num="7" count="1" type="stmt"/>
        <line num="9" count="1" type="stmt"/>
        <line num="10" count="0" type="stmt"/>
        <line num="11" count="0" type="stmt"/>
        <line num="17" count="1" type="stmt"/>
        <line num="76" count="2" type="stmt"/>
      </file>
    </package>
    <package name="src.hocs.with-sorting">
      <metrics statements="10" coveredstatements="9" conditionals="0" coveredconditionals="0" methods="6" coveredmethods="4"/>
      <file name="with-sorting.js" path="C:\Users\Mikael Magtesyan\Desktop\projects\1100875-six-cities-4\src\hocs\with-sorting\with-sorting.js">
        <metrics statements="10" coveredstatements="9" conditionals="0" coveredconditionals="0" methods="6" coveredmethods="4"/>
        <line num="3" count="4" type="stmt"/>
        <line num="18" count="4" type="stmt"/>
        <line num="21" count="4" type="stmt"/>
        <line num="22" count="4" type="stmt"/>
        <line num="23" count="4" type="stmt"/>
        <line num="25" count="4" type="stmt"/>
        <line num="32" count="0" type="stmt"/>
        <line num="38" count="1" type="stmt"/>
        <line num="44" count="5" type="stmt"/>
        <line num="57" count="4" type="stmt"/>
      </file>
    </package>
    <package name="src.redux">
      <metrics statements="1" coveredstatements="1" conditionals="0" coveredconditionals="0" methods="0" coveredmethods="0"/>
      <file name="name-space.js" path="C:\Users\Mikael Magtesyan\Desktop\projects\1100875-six-cities-4\src\redux\name-space.js">
        <metrics statements="1" coveredstatements="1" conditionals="0" coveredconditionals="0" methods="0" coveredmethods="0"/>
        <line num="1" count="1" type="stmt"/>
      </file>
    </package>
    <package name="src.redux.application">
      <metrics statements="25" coveredstatements="12" conditionals="7" coveredconditionals="1" methods="10" coveredmethods="2"/>
      <file name="application.js" path="C:\Users\Mikael Magtesyan\Desktop\projects\1100875-six-cities-4\src\redux\application\application.js">
        <metrics statements="16" coveredstatements="7" conditionals="7" coveredconditionals="1" methods="6" coveredmethods="2"/>
        <line num="1" count="3" type="stmt"/>
        <line num="8" count="3" type="stmt"/>
        <line num="17" count="3" type="stmt"/>
        <line num="18" count="0" type="stmt"/>
        <line num="23" count="0" type="stmt"/>
        <line num="28" count="0" type="stmt"/>
        <line num="32" count="0" type="stmt"/>
        <line num="36" count="1" type="stmt"/>
        <line num="42" count="3" type="cond" truecount="0" falsecount="1"/>
        <line num="43" count="2" type="cond" truecount="1" falsecount="5"/>
        <line num="45" count="0" type="stmt"/>
        <line num="49" count="2" type="stmt"/>
        <line num="53" count="0" type="stmt"/>
        <line num="58" count="0" type="stmt"/>
        <line num="62" count="0" type="stmt"/>
        <line num="67" count="0" type="stmt"/>
      </file>
      <file name="selectors.js" path="C:\Users\Mikael Magtesyan\Desktop\projects\1100875-six-cities-4\src\redux\application\selectors.js">
        <metrics statements="9" coveredstatements="5" conditionals="0" coveredconditionals="0" methods="4" coveredmethods="0"/>
        <line num="4" count="1" type="stmt"/>
        <line num="6" count="1" type="stmt"/>
        <line num="7" count="0" type="stmt"/>
        <line num="10" count="1" type="stmt"/>
        <line num="11" count="0" type="stmt"/>
        <line num="14" count="1" type="stmt"/>
        <line num="15" count="0" type="stmt"/>
        <line num="18" count="1" type="stmt"/>
        <line num="19" count="0" type="stmt"/>
      </file>
    </package>
    <package name="src.redux.data">
      <metrics statements="27" coveredstatements="20" conditionals="8" coveredconditionals="3" methods="10" coveredmethods="6"/>
      <file name="data.js" path="C:\Users\Mikael Magtesyan\Desktop\projects\1100875-six-cities-4\src\redux\data\data.js">
        <metrics statements="17" coveredstatements="16" conditionals="4" coveredconditionals="3" methods="6" coveredmethods="6"/>
        <line num="4" count="2" type="stmt"/>
        <line num="9" count="2" type="stmt"/>
        <line num="14" count="2" type="stmt"/>
        <line num="15" count="1" type="stmt"/>
        <line num="19" count="1" type="stmt"/>
        <line num="25" count="2" type="stmt"/>
        <line num="26" count="1" type="stmt"/>
        <line num="27" count="1" type="stmt"/>
        <line num="29" count="1" type="stmt"/>
        <line num="30" count="1" type="stmt"/>
        <line num="31" count="1" type="stmt"/>
        <line num="32" count="1" type="stmt"/>
        <line num="37" count="2" type="cond" truecount="1" falsecount="0"/>
        <line num="38" count="2" type="cond" truecount="2" falsecount="1"/>
        <line num="40" count="1" type="stmt"/>
        <line num="44" count="0" type="stmt"/>
        <line num="49" count="1" type="stmt"/>
      </file>
      <file name="selectors.js" path="C:\Users\Mikael Magtesyan\Desktop\projects\1100875-six-cities-4\src\redux\data\selectors.js">
        <metrics statements="10" coveredstatements="4" conditionals="4" coveredconditionals="0" methods="4" coveredmethods="0"/>
        <line num="4" count="1" type="stmt"/>
        <line num="5" count="0" type="stmt"/>
        <line num="8" count="1" type="stmt"/>
        <line num="9" count="0" type="stmt"/>
        <line num="12" count="1" type="stmt"/>
        <line num="13" count="0" type="stmt"/>
        <line num="16" count="1" type="stmt"/>
        <line num="21" count="0" type="cond" truecount="0" falsecount="2"/>
        <line num="22" count="0" type="cond" truecount="0" falsecount="2"/>
        <line num="23" count="0" type="stmt"/>
      </file>
    </package>
    <package name="src.redux.user">
      <metrics statements="26" coveredstatements="13" conditionals="3" coveredconditionals="2" methods="12" coveredmethods="2"/>
      <file name="selectors.js" path="C:\Users\Mikael Magtesyan\Desktop\projects\1100875-six-cities-4\src\redux\user\selectors.js">
        <metrics statements="5" coveredstatements="3" conditionals="0" coveredconditionals="0" methods="2" coveredmethods="0"/>
        <line num="3" count="1" type="stmt"/>
        <line num="6" count="1" type="stmt"/>
        <line num="7" count="0" type="stmt"/>
        <line num="10" count="1" type="stmt"/>
        <line num="11" count="0" type="stmt"/>
      </file>
      <file name="user.js" path="C:\Users\Mikael Magtesyan\Desktop\projects\1100875-six-cities-4\src\redux\user\user.js">
        <metrics statements="21" coveredstatements="10" conditionals="3" coveredconditionals="2" methods="10" coveredmethods="2"/>
        <line num="4" count="2" type="stmt"/>
        <line num="9" count="2" type="stmt"/>
        <line num="13" count="2" type="stmt"/>
        <line num="18" count="2" type="stmt"/>
        <line num="20" count="2" type="stmt"/>
        <line num="26" count="0" type="stmt"/>
        <line num="33" count="2" type="stmt"/>
        <line num="34" count="0" type="stmt"/>
        <line num="35" count="0" type="stmt"/>
        <line num="37" count="0" type="stmt"/>
        <line num="40" count="0" type="stmt"/>
        <line num="44" count="0" type="stmt"/>
        <line num="45" count="0" type="stmt"/>
        <line num="47" count="0" type="stmt"/>
        <line num="48" count="0" type="stmt"/>
        <line num="49" count="0" type="stmt"/>
        <line num="54" count="2" type="cond" truecount="1" falsecount="0"/>
        <line num="55" count="5" type="cond" truecount="1" falsecount="1"/>
        <line num="57" count="4" type="stmt"/>
        <line num="61" count="0" type="stmt"/>
        <line num="66" count="1" type="stmt"/>
      </file>
    </package>
  </project>
</coverage>
