{"C:\\Users\\Mikael Magtesyan\\Desktop\\projects\\1100875-six-cities-4\\src\\api.js": {"path":"C:\\Users\\Mikael Magtesyan\\Desktop\\projects\\1100875-six-cities-4\\src\\api.js","statementMap":{"0":{"start":{"line":3,"column":14},"end":{"line":5,"column":1}},"1":{"start":{"line":7,"column":25},"end":{"line":35,"column":1}},"2":{"start":{"line":8,"column":14},"end":{"line":12,"column":4}},"3":{"start":{"line":14,"column":20},"end":{"line":16,"column":3}},"4":{"start":{"line":15,"column":4},"end":{"line":15,"column":20}},"5":{"start":{"line":18,"column":17},"end":{"line":30,"column":3}},"6":{"start":{"line":19,"column":23},"end":{"line":19,"column":26}},"7":{"start":{"line":21,"column":4},"end":{"line":27,"column":5}},"8":{"start":{"line":22,"column":6},"end":{"line":22,"column":23}},"9":{"start":{"line":26,"column":6},"end":{"line":26,"column":16}},"10":{"start":{"line":29,"column":4},"end":{"line":29,"column":14}},"11":{"start":{"line":32,"column":2},"end":{"line":32,"column":51}},"12":{"start":{"line":34,"column":2},"end":{"line":34,"column":13}}},"fnMap":{"0":{"name":"(anonymous_0)","decl":{"start":{"line":7,"column":25},"end":{"line":7,"column":26}},"loc":{"start":{"line":7,"column":45},"end":{"line":35,"column":1}},"line":7},"1":{"name":"(anonymous_1)","decl":{"start":{"line":14,"column":20},"end":{"line":14,"column":21}},"loc":{"start":{"line":14,"column":34},"end":{"line":16,"column":3}},"line":14},"2":{"name":"(anonymous_2)","decl":{"start":{"line":18,"column":17},"end":{"line":18,"column":18}},"loc":{"start":{"line":18,"column":26},"end":{"line":30,"column":3}},"line":18}},"branchMap":{"0":{"loc":{"start":{"line":21,"column":4},"end":{"line":27,"column":5}},"type":"if","locations":[{"start":{"line":21,"column":4},"end":{"line":27,"column":5}},{"start":{"line":21,"column":4},"end":{"line":27,"column":5}}],"line":21}},"s":{"0":1,"1":1,"2":1,"3":1,"4":1,"5":1,"6":0,"7":0,"8":0,"9":0,"10":0,"11":1,"12":1},"f":{"0":1,"1":1,"2":0},"b":{"0":[0,0]},"_coverageSchema":"1a1c01bbd47fc00a2c39e90264f33305004495a9","hash":"9ce7fcc45020e7dea4d4fcf6e274c29e05d173f3"}
,"C:\\Users\\Mikael Magtesyan\\Desktop\\projects\\1100875-six-cities-4\\src\\const.js": {"path":"C:\\Users\\Mikael Magtesyan\\Desktop\\projects\\1100875-six-cities-4\\src\\const.js","statementMap":{"0":{"start":{"line":1,"column":32},"end":{"line":1,"column":34}},"1":{"start":{"line":2,"column":25},"end":{"line":9,"column":2}},"2":{"start":{"line":10,"column":28},"end":{"line":13,"column":2}},"3":{"start":{"line":14,"column":15},"end":{"line":14,"column":137}}},"fnMap":{},"branchMap":{},"s":{"0":9,"1":9,"2":9,"3":9},"f":{},"b":{},"_coverageSchema":"1a1c01bbd47fc00a2c39e90264f33305004495a9","hash":"fc0a6dc5505dbaec4563d04479031927922fa0e7"}
,"C:\\Users\\Mikael Magtesyan\\Desktop\\projects\\1100875-six-cities-4\\src\\adapters\\offers.js": {"path":"C:\\Users\\Mikael Magtesyan\\Desktop\\projects\\1100875-six-cities-4\\src\\adapters\\offers.js","statementMap":{"0":{"start":{"line":3,"column":19},"end":{"line":3,"column":28}},"1":{"start":{"line":4,"column":13},"end":{"line":4,"column":42}},"2":{"start":{"line":6,"column":23},"end":{"line":30,"column":1}},"3":{"start":{"line":7,"column":27},"end":{"line":27,"column":3}},"4":{"start":{"line":29,"column":2},"end":{"line":29,"column":26}},"5":{"start":{"line":32,"column":22},"end":{"line":43,"column":1}},"6":{"start":{"line":33,"column":2},"end":{"line":40,"column":5}},"7":{"start":{"line":34,"column":4},"end":{"line":38,"column":5}},"8":{"start":{"line":35,"column":6},"end":{"line":35,"column":63}},"9":{"start":{"line":37,"column":6},"end":{"line":37,"column":99}},"10":{"start":{"line":39,"column":4},"end":{"line":39,"column":43}},"11":{"start":{"line":42,"column":2},"end":{"line":42,"column":20}}},"fnMap":{"0":{"name":"(anonymous_0)","decl":{"start":{"line":6,"column":23},"end":{"line":6,"column":24}},"loc":{"start":{"line":6,"column":44},"end":{"line":30,"column":1}},"line":6},"1":{"name":"(anonymous_1)","decl":{"start":{"line":32,"column":22},"end":{"line":32,"column":23}},"loc":{"start":{"line":32,"column":44},"end":{"line":43,"column":1}},"line":32},"2":{"name":"(anonymous_2)","decl":{"start":{"line":33,"column":27},"end":{"line":33,"column":28}},"loc":{"start":{"line":33,"column":38},"end":{"line":40,"column":3}},"line":33}},"branchMap":{"0":{"loc":{"start":{"line":22,"column":13},"end":{"line":22,"column":48}},"type":"cond-expr","locations":[{"start":{"line":22,"column":43},"end":{"line":22,"column":44}},{"start":{"line":22,"column":47},"end":{"line":22,"column":48}}],"line":22},"1":{"loc":{"start":{"line":34,"column":4},"end":{"line":38,"column":5}},"type":"if","locations":[{"start":{"line":34,"column":4},"end":{"line":38,"column":5}},{"start":{"line":34,"column":4},"end":{"line":38,"column":5}}],"line":34}},"s":{"0":2,"1":2,"2":2,"3":1,"4":1,"5":2,"6":1,"7":1,"8":1,"9":0,"10":1,"11":1},"f":{"0":1,"1":1,"2":1},"b":{"0":[1,0],"1":[1,0]},"_coverageSchema":"1a1c01bbd47fc00a2c39e90264f33305004495a9","hash":"86e7d7028a329b98ec8dcab0cf6d5d1718eb324e"}
,"C:\\Users\\Mikael Magtesyan\\Desktop\\projects\\1100875-six-cities-4\\src\\clients\\data.js": {"path":"C:\\Users\\Mikael Magtesyan\\Desktop\\projects\\1100875-six-cities-4\\src\\clients\\data.js","statementMap":{"0":{"start":{"line":1,"column":25},"end":{"line":1,"column":52}},"1":{"start":{"line":1,"column":34},"end":{"line":1,"column":52}}},"fnMap":{"0":{"name":"(anonymous_0)","decl":{"start":{"line":1,"column":25},"end":{"line":1,"column":26}},"loc":{"start":{"line":1,"column":34},"end":{"line":1,"column":52}},"line":1}},"branchMap":{},"s":{"0":2,"1":1},"f":{"0":1},"b":{},"_coverageSchema":"1a1c01bbd47fc00a2c39e90264f33305004495a9","hash":"20de68db0544dfaead01fde95d162cc2b6e4c307"}
,"C:\\Users\\Mikael Magtesyan\\Desktop\\projects\\1100875-six-cities-4\\src\\clients\\login.js": {"path":"C:\\Users\\Mikael Magtesyan\\Desktop\\projects\\1100875-six-cities-4\\src\\clients\\login.js","statementMap":{"0":{"start":{"line":1,"column":24},"end":{"line":1,"column":50}},"1":{"start":{"line":1,"column":33},"end":{"line":1,"column":50}},"2":{"start":{"line":2,"column":25},"end":{"line":5,"column":2}},"3":{"start":{"line":2,"column":51},"end":{"line":5,"column":2}}},"fnMap":{"0":{"name":"(anonymous_0)","decl":{"start":{"line":1,"column":24},"end":{"line":1,"column":25}},"loc":{"start":{"line":1,"column":33},"end":{"line":1,"column":50}},"line":1},"1":{"name":"(anonymous_1)","decl":{"start":{"line":2,"column":25},"end":{"line":2,"column":26}},"loc":{"start":{"line":2,"column":51},"end":{"line":5,"column":2}},"line":2}},"branchMap":{},"s":{"0":2,"1":0,"2":2,"3":0},"f":{"0":0,"1":0},"b":{},"_coverageSchema":"1a1c01bbd47fc00a2c39e90264f33305004495a9","hash":"d464a8507341b86952cc75609d2848873b5788aa"}
,"C:\\Users\\Mikael Magtesyan\\Desktop\\projects\\1100875-six-cities-4\\src\\components\\app\\app.jsx": {"path":"C:\\Users\\Mikael Magtesyan\\Desktop\\projects\\1100875-six-cities-4\\src\\components\\app\\app.jsx","statementMap":{"0":{"start":{"line":20,"column":160},"end":{"line":20,"column":170}},"1":{"start":{"line":21,"column":23},"end":{"line":21,"column":53}},"2":{"start":{"line":23,"column":4},"end":{"line":38,"column":5}},"3":{"start":{"line":24,"column":6},"end":{"line":37,"column":8}},"4":{"start":{"line":40,"column":4},"end":{"line":50,"column":5}},"5":{"start":{"line":41,"column":6},"end":{"line":49,"column":8}},"6":{"start":{"line":52,"column":4},"end":{"line":58,"column":5}},"7":{"start":{"line":53,"column":6},"end":{"line":57,"column":8}},"8":{"start":{"line":59,"column":4},"end":{"line":59,"column":16}},"9":{"start":{"line":63,"column":85},"end":{"line":63,"column":95}},"10":{"start":{"line":64,"column":23},"end":{"line":64,"column":53}},"11":{"start":{"line":65,"column":4},"end":{"line":87,"column":6}},"12":{"start":{"line":91,"column":0},"end":{"line":105,"column":2}},"13":{"start":{"line":107,"column":24},"end":{"line":116,"column":2}},"14":{"start":{"line":107,"column":36},"end":{"line":116,"column":1}},"15":{"start":{"line":118,"column":27},"end":{"line":135,"column":2}},"16":{"start":{"line":118,"column":42},"end":{"line":135,"column":1}},"17":{"start":{"line":120,"column":4},"end":{"line":120,"column":45}},"18":{"start":{"line":123,"column":4},"end":{"line":123,"column":44}},"19":{"start":{"line":126,"column":4},"end":{"line":126,"column":53}},"20":{"start":{"line":129,"column":4},"end":{"line":129,"column":45}},"21":{"start":{"line":130,"column":4},"end":{"line":130,"column":50}},"22":{"start":{"line":133,"column":4},"end":{"line":133,"column":49}}},"fnMap":{"0":{"name":"(anonymous_0)","decl":{"start":{"line":19,"column":2},"end":{"line":19,"column":3}},"loc":{"start":{"line":19,"column":22},"end":{"line":60,"column":3}},"line":19},"1":{"name":"(anonymous_1)","decl":{"start":{"line":62,"column":2},"end":{"line":62,"column":3}},"loc":{"start":{"line":62,"column":11},"end":{"line":88,"column":3}},"line":62},"2":{"name":"(anonymous_2)","decl":{"start":{"line":107,"column":24},"end":{"line":107,"column":25}},"loc":{"start":{"line":107,"column":36},"end":{"line":116,"column":1}},"line":107},"3":{"name":"(anonymous_3)","decl":{"start":{"line":118,"column":27},"end":{"line":118,"column":28}},"loc":{"start":{"line":118,"column":42},"end":{"line":135,"column":1}},"line":118},"4":{"name":"(anonymous_4)","decl":{"start":{"line":119,"column":2},"end":{"line":119,"column":3}},"loc":{"start":{"line":119,"column":18},"end":{"line":121,"column":3}},"line":119},"5":{"name":"(anonymous_5)","decl":{"start":{"line":122,"column":2},"end":{"line":122,"column":3}},"loc":{"start":{"line":122,"column":18},"end":{"line":124,"column":3}},"line":122},"6":{"name":"(anonymous_6)","decl":{"start":{"line":125,"column":2},"end":{"line":125,"column":3}},"loc":{"start":{"line":125,"column":27},"end":{"line":127,"column":3}},"line":125},"7":{"name":"(anonymous_7)","decl":{"start":{"line":128,"column":2},"end":{"line":128,"column":3}},"loc":{"start":{"line":128,"column":20},"end":{"line":131,"column":3}},"line":128},"8":{"name":"(anonymous_8)","decl":{"start":{"line":132,"column":2},"end":{"line":132,"column":3}},"loc":{"start":{"line":132,"column":25},"end":{"line":134,"column":3}},"line":132}},"branchMap":{"0":{"loc":{"start":{"line":21,"column":23},"end":{"line":21,"column":53}},"type":"cond-expr","locations":[{"start":{"line":21,"column":37},"end":{"line":21,"column":46}},{"start":{"line":21,"column":49},"end":{"line":21,"column":53}}],"line":21},"1":{"loc":{"start":{"line":23,"column":4},"end":{"line":38,"column":5}},"type":"if","locations":[{"start":{"line":23,"column":4},"end":{"line":38,"column":5}},{"start":{"line":23,"column":4},"end":{"line":38,"column":5}}],"line":23},"2":{"loc":{"start":{"line":40,"column":4},"end":{"line":50,"column":5}},"type":"if","locations":[{"start":{"line":40,"column":4},"end":{"line":50,"column":5}},{"start":{"line":40,"column":4},"end":{"line":50,"column":5}}],"line":40},"3":{"loc":{"start":{"line":52,"column":4},"end":{"line":58,"column":5}},"type":"if","locations":[{"start":{"line":52,"column":4},"end":{"line":58,"column":5}},{"start":{"line":52,"column":4},"end":{"line":58,"column":5}}],"line":52},"4":{"loc":{"start":{"line":64,"column":23},"end":{"line":64,"column":53}},"type":"cond-expr","locations":[{"start":{"line":64,"column":37},"end":{"line":64,"column":46}},{"start":{"line":64,"column":49},"end":{"line":64,"column":53}}],"line":64}},"s":{"0":1,"1":1,"2":1,"3":1,"4":0,"5":0,"6":0,"7":0,"8":0,"9":1,"10":1,"11":1,"12":1,"13":1,"14":0,"15":1,"16":0,"17":0,"18":0,"19":0,"20":0,"21":0,"22":0},"f":{"0":1,"1":1,"2":0,"3":0,"4":0,"5":0,"6":0,"7":0,"8":0},"b":{"0":[0,1],"1":[1,0],"2":[0,0],"3":[0,0],"4":[0,1]},"_coverageSchema":"1a1c01bbd47fc00a2c39e90264f33305004495a9","hash":"dc85e0b4a563ccdd58c2f80d5048d994a430cea7"}
,"C:\\Users\\Mikael Magtesyan\\Desktop\\projects\\1100875-six-cities-4\\src\\components\\city\\city.jsx": {"path":"C:\\Users\\Mikael Magtesyan\\Desktop\\projects\\1100875-six-cities-4\\src\\components\\city\\city.jsx","statementMap":{"0":{"start":{"line":4,"column":13},"end":{"line":19,"column":1}},"1":{"start":{"line":5,"column":42},"end":{"line":5,"column":47}},"2":{"start":{"line":6,"column":26},"end":{"line":6,"column":73}},"3":{"start":{"line":7,"column":24},"end":{"line":7,"column":47}},"4":{"start":{"line":7,"column":30},"end":{"line":7,"column":47}},"5":{"start":{"line":9,"column":2},"end":{"line":18,"column":4}},"6":{"start":{"line":21,"column":0},"end":{"line":25,"column":2}}},"fnMap":{"0":{"name":"(anonymous_0)","decl":{"start":{"line":4,"column":13},"end":{"line":4,"column":14}},"loc":{"start":{"line":4,"column":24},"end":{"line":19,"column":1}},"line":4},"1":{"name":"(anonymous_1)","decl":{"start":{"line":7,"column":24},"end":{"line":7,"column":25}},"loc":{"start":{"line":7,"column":30},"end":{"line":7,"column":47}},"line":7}},"branchMap":{"0":{"loc":{"start":{"line":6,"column":26},"end":{"line":6,"column":73}},"type":"cond-expr","locations":[{"start":{"line":6,"column":48},"end":{"line":6,"column":68}},{"start":{"line":6,"column":71},"end":{"line":6,"column":73}}],"line":6}},"s":{"0":5,"1":12,"2":12,"3":12,"4":0,"5":12,"6":5},"f":{"0":12,"1":0},"b":{"0":[5,7]},"_coverageSchema":"1a1c01bbd47fc00a2c39e90264f33305004495a9","hash":"7a25f86ab91761682f3502ee411122798af1d601"}
,"C:\\Users\\Mikael Magtesyan\\Desktop\\projects\\1100875-six-cities-4\\src\\components\\city-list\\city-list.jsx": {"path":"C:\\Users\\Mikael Magtesyan\\Desktop\\projects\\1100875-six-cities-4\\src\\components\\city-list\\city-list.jsx","statementMap":{"0":{"start":{"line":6,"column":17},"end":{"line":26,"column":1}},"1":{"start":{"line":7,"column":44},"end":{"line":7,"column":49}},"2":{"start":{"line":8,"column":23},"end":{"line":17,"column":4}},"3":{"start":{"line":9,"column":4},"end":{"line":16,"column":6}},"4":{"start":{"line":19,"column":2},"end":{"line":25,"column":4}},"5":{"start":{"line":28,"column":0},"end":{"line":32,"column":2}}},"fnMap":{"0":{"name":"(anonymous_0)","decl":{"start":{"line":6,"column":17},"end":{"line":6,"column":18}},"loc":{"start":{"line":6,"column":28},"end":{"line":26,"column":1}},"line":6},"1":{"name":"(anonymous_1)","decl":{"start":{"line":8,"column":34},"end":{"line":8,"column":35}},"loc":{"start":{"line":8,"column":44},"end":{"line":17,"column":3}},"line":8}},"branchMap":{},"s":{"0":4,"1":4,"2":4,"3":11,"4":4,"5":4},"f":{"0":4,"1":11},"b":{},"_coverageSchema":"1a1c01bbd47fc00a2c39e90264f33305004495a9","hash":"ffd79eb5ff358d5cd1562be85e55fbe9e85521e6"}
,"C:\\Users\\Mikael Magtesyan\\Desktop\\projects\\1100875-six-cities-4\\src\\components\\empty-screen\\empty-screen.jsx": {"path":"C:\\Users\\Mikael Magtesyan\\Desktop\\projects\\1100875-six-cities-4\\src\\components\\empty-screen\\empty-screen.jsx","statementMap":{"0":{"start":{"line":3,"column":20},"end":{"line":12,"column":1}},"1":{"start":{"line":4,"column":2},"end":{"line":11,"column":4}}},"fnMap":{"0":{"name":"(anonymous_0)","decl":{"start":{"line":3,"column":20},"end":{"line":3,"column":21}},"loc":{"start":{"line":3,"column":26},"end":{"line":12,"column":1}},"line":3}},"branchMap":{},"s":{"0":4,"1":1},"f":{"0":1},"b":{},"_coverageSchema":"1a1c01bbd47fc00a2c39e90264f33305004495a9","hash":"72f380475995ac5bd82a5a6754c48ccb47b0abd8"}
,"C:\\Users\\Mikael Magtesyan\\Desktop\\projects\\1100875-six-cities-4\\src\\components\\feedback\\feedback.jsx": {"path":"C:\\Users\\Mikael Magtesyan\\Desktop\\projects\\1100875-six-cities-4\\src\\components\\feedback\\feedback.jsx","statementMap":{"0":{"start":{"line":6,"column":17},"end":{"line":35,"column":1}},"1":{"start":{"line":7,"column":19},"end":{"line":7,"column":24}},"2":{"start":{"line":8,"column":33},"end":{"line":8,"column":82}},"3":{"start":{"line":9,"column":21},"end":{"line":9,"column":111}},"4":{"start":{"line":11,"column":2},"end":{"line":34,"column":4}},"5":{"start":{"line":37,"column":0},"end":{"line":45,"column":2}}},"fnMap":{"0":{"name":"(anonymous_0)","decl":{"start":{"line":6,"column":17},"end":{"line":6,"column":18}},"loc":{"start":{"line":6,"column":28},"end":{"line":35,"column":1}},"line":6}},"branchMap":{},"s":{"0":4,"1":7,"2":7,"3":7,"4":7,"5":4},"f":{"0":7},"b":{},"_coverageSchema":"1a1c01bbd47fc00a2c39e90264f33305004495a9","hash":"ab916886be8f05af64c77f90760aae49d3c353f2"}
,"C:\\Users\\Mikael Magtesyan\\Desktop\\projects\\1100875-six-cities-4\\src\\components\\feedback-list\\feedback-list.jsx": {"path":"C:\\Users\\Mikael Magtesyan\\Desktop\\projects\\1100875-six-cities-4\\src\\components\\feedback-list\\feedback-list.jsx","statementMap":{"0":{"start":{"line":6,"column":21},"end":{"line":71,"column":1}},"1":{"start":{"line":7,"column":20},"end":{"line":7,"column":25}},"2":{"start":{"line":8,"column":24},"end":{"line":15,"column":4}},"3":{"start":{"line":9,"column":4},"end":{"line":14,"column":6}},"4":{"start":{"line":17,"column":2},"end":{"line":70,"column":4}},"5":{"start":{"line":73,"column":0},"end":{"line":80,"column":2}}},"fnMap":{"0":{"name":"(anonymous_0)","decl":{"start":{"line":6,"column":21},"end":{"line":6,"column":22}},"loc":{"start":{"line":6,"column":32},"end":{"line":71,"column":1}},"line":6},"1":{"name":"(anonymous_1)","decl":{"start":{"line":8,"column":36},"end":{"line":8,"column":37}},"loc":{"start":{"line":8,"column":48},"end":{"line":15,"column":3}},"line":8}},"branchMap":{},"s":{"0":3,"1":2,"2":2,"3":6,"4":2,"5":3},"f":{"0":2,"1":6},"b":{},"_coverageSchema":"1a1c01bbd47fc00a2c39e90264f33305004495a9","hash":"8d893c5ea72d23a0bebff1225f3c1361cad991b4"}
,"C:\\Users\\Mikael Magtesyan\\Desktop\\projects\\1100875-six-cities-4\\src\\components\\main\\main.jsx": {"path":"C:\\Users\\Mikael Magtesyan\\Desktop\\projects\\1100875-six-cities-4\\src\\components\\main\\main.jsx","statementMap":{"0":{"start":{"line":11,"column":29},"end":{"line":11,"column":56}},"1":{"start":{"line":13,"column":13},"end":{"line":90,"column":1}},"2":{"start":{"line":14,"column":138},"end":{"line":14,"column":143}},"3":{"start":{"line":15,"column":24},"end":{"line":15,"column":43}},"4":{"start":{"line":16,"column":29},"end":{"line":16,"column":75}},"5":{"start":{"line":17,"column":35},"end":{"line":17,"column":89}},"6":{"start":{"line":18,"column":27},"end":{"line":18,"column":72}},"7":{"start":{"line":20,"column":2},"end":{"line":89,"column":4}},"8":{"start":{"line":92,"column":0},"end":{"line":103,"column":2}}},"fnMap":{"0":{"name":"(anonymous_0)","decl":{"start":{"line":13,"column":13},"end":{"line":13,"column":14}},"loc":{"start":{"line":13,"column":24},"end":{"line":90,"column":1}},"line":13}},"branchMap":{"0":{"loc":{"start":{"line":16,"column":29},"end":{"line":16,"column":75}},"type":"cond-expr","locations":[{"start":{"line":16,"column":45},"end":{"line":16,"column":70}},{"start":{"line":16,"column":73},"end":{"line":16,"column":75}}],"line":16},"1":{"loc":{"start":{"line":17,"column":35},"end":{"line":17,"column":89}},"type":"cond-expr","locations":[{"start":{"line":17,"column":51},"end":{"line":17,"column":84}},{"start":{"line":17,"column":87},"end":{"line":17,"column":89}}],"line":17},"2":{"loc":{"start":{"line":18,"column":27},"end":{"line":18,"column":72}},"type":"cond-expr","locations":[{"start":{"line":18,"column":60},"end":{"line":18,"column":64}},{"start":{"line":18,"column":67},"end":{"line":18,"column":72}}],"line":18},"3":{"loc":{"start":{"line":39,"column":21},"end":{"line":40,"column":83}},"type":"binary-expr","locations":[{"start":{"line":39,"column":21},"end":{"line":39,"column":37}},{"start":{"line":40,"column":22},"end":{"line":40,"column":83}}],"line":39},"4":{"loc":{"start":{"line":42,"column":21},"end":{"line":43,"column":68}},"type":"binary-expr","locations":[{"start":{"line":42,"column":21},"end":{"line":42,"column":37}},{"start":{"line":43,"column":22},"end":{"line":43,"column":68}}],"line":42},"5":{"loc":{"start":{"line":64,"column":13},"end":{"line":71,"column":14}},"type":"binary-expr","locations":[{"start":{"line":64,"column":13},"end":{"line":64,"column":27}},{"start":{"line":65,"column":12},"end":{"line":71,"column":14}}],"line":64},"6":{"loc":{"start":{"line":72,"column":13},"end":{"line":72,"column":45}},"type":"binary-expr","locations":[{"start":{"line":72,"column":13},"end":{"line":72,"column":26}},{"start":{"line":72,"column":30},"end":{"line":72,"column":45}}],"line":72},"7":{"loc":{"start":{"line":75,"column":16},"end":{"line":83,"column":26}},"type":"binary-expr","locations":[{"start":{"line":75,"column":16},"end":{"line":75,"column":30}},{"start":{"line":76,"column":16},"end":{"line":83,"column":26}}],"line":75}},"s":{"0":3,"1":3,"2":3,"3":3,"4":3,"5":3,"6":3,"7":3,"8":3},"f":{"0":3},"b":{"0":[0,3],"1":[0,3],"2":[3,0],"3":[3,3],"4":[3,0],"5":[3,3],"6":[3,0],"7":[3,3]},"_coverageSchema":"1a1c01bbd47fc00a2c39e90264f33305004495a9","hash":"d1e7004116642cd9b74994d612e6f56fb0a65257"}
,"C:\\Users\\Mikael Magtesyan\\Desktop\\projects\\1100875-six-cities-4\\src\\components\\map\\map.jsx": {"path":"C:\\Users\\Mikael Magtesyan\\Desktop\\projects\\1100875-six-cities-4\\src\\components\\map\\map.jsx","statementMap":{"0":{"start":{"line":7,"column":4},"end":{"line":7,"column":17}},"1":{"start":{"line":8,"column":19},"end":{"line":8,"column":29}},"2":{"start":{"line":10,"column":4},"end":{"line":10,"column":27}},"3":{"start":{"line":11,"column":4},"end":{"line":11,"column":19}},"4":{"start":{"line":12,"column":4},"end":{"line":12,"column":20}},"5":{"start":{"line":16,"column":4},"end":{"line":16,"column":23}},"6":{"start":{"line":17,"column":4},"end":{"line":17,"column":20}},"7":{"start":{"line":18,"column":4},"end":{"line":18,"column":21}},"8":{"start":{"line":22,"column":4},"end":{"line":22,"column":21}},"9":{"start":{"line":26,"column":4},"end":{"line":31,"column":7}},"10":{"start":{"line":33,"column":4},"end":{"line":36,"column":21}},"11":{"start":{"line":40,"column":4},"end":{"line":40,"column":49}},"12":{"start":{"line":44,"column":34},"end":{"line":44,"column":44}},"13":{"start":{"line":46,"column":4},"end":{"line":58,"column":7}},"14":{"start":{"line":47,"column":25},"end":{"line":47,"column":42}},"15":{"start":{"line":48,"column":19},"end":{"line":51,"column":8}},"16":{"start":{"line":53,"column":6},"end":{"line":57,"column":7}},"17":{"start":{"line":54,"column":8},"end":{"line":56,"column":25}},"18":{"start":{"line":62,"column":4},"end":{"line":64,"column":6}},"19":{"start":{"line":68,"column":0},"end":{"line":72,"column":2}}},"fnMap":{"0":{"name":"(anonymous_0)","decl":{"start":{"line":6,"column":2},"end":{"line":6,"column":3}},"loc":{"start":{"line":6,"column":21},"end":{"line":13,"column":3}},"line":6},"1":{"name":"(anonymous_1)","decl":{"start":{"line":15,"column":2},"end":{"line":15,"column":3}},"loc":{"start":{"line":15,"column":22},"end":{"line":19,"column":3}},"line":15},"2":{"name":"(anonymous_2)","decl":{"start":{"line":21,"column":2},"end":{"line":21,"column":3}},"loc":{"start":{"line":21,"column":23},"end":{"line":23,"column":3}},"line":21},"3":{"name":"(anonymous_3)","decl":{"start":{"line":25,"column":2},"end":{"line":25,"column":3}},"loc":{"start":{"line":25,"column":16},"end":{"line":37,"column":3}},"line":25},"4":{"name":"(anonymous_4)","decl":{"start":{"line":39,"column":2},"end":{"line":39,"column":3}},"loc":{"start":{"line":39,"column":13},"end":{"line":41,"column":3}},"line":39},"5":{"name":"(anonymous_5)","decl":{"start":{"line":43,"column":2},"end":{"line":43,"column":3}},"loc":{"start":{"line":43,"column":14},"end":{"line":59,"column":3}},"line":43},"6":{"name":"(anonymous_6)","decl":{"start":{"line":46,"column":19},"end":{"line":46,"column":20}},"loc":{"start":{"line":46,"column":30},"end":{"line":58,"column":5}},"line":46},"7":{"name":"(anonymous_7)","decl":{"start":{"line":61,"column":2},"end":{"line":61,"column":3}},"loc":{"start":{"line":61,"column":11},"end":{"line":65,"column":3}},"line":61}},"branchMap":{"0":{"loc":{"start":{"line":49,"column":17},"end":{"line":49,"column":79}},"type":"cond-expr","locations":[{"start":{"line":49,"column":43},"end":{"line":49,"column":63}},{"start":{"line":49,"column":66},"end":{"line":49,"column":79}}],"line":49},"1":{"loc":{"start":{"line":53,"column":6},"end":{"line":57,"column":7}},"type":"if","locations":[{"start":{"line":53,"column":6},"end":{"line":57,"column":7}},{"start":{"line":53,"column":6},"end":{"line":57,"column":7}}],"line":53}},"s":{"0":5,"1":5,"2":5,"3":5,"4":5,"5":5,"6":5,"7":5,"8":0,"9":5,"10":5,"11":5,"12":5,"13":5,"14":21,"15":21,"16":21,"17":20,"18":5,"19":5},"f":{"0":5,"1":5,"2":0,"3":5,"4":5,"5":5,"6":21,"7":5},"b":{"0":[2,19],"1":[20,1]},"_coverageSchema":"1a1c01bbd47fc00a2c39e90264f33305004495a9","hash":"5fef9cc37ed2b242f2aa7c56ffce04c6469b4f48"}
,"C:\\Users\\Mikael Magtesyan\\Desktop\\projects\\1100875-six-cities-4\\src\\components\\place-card\\place-card.jsx": {"path":"C:\\Users\\Mikael Magtesyan\\Desktop\\projects\\1100875-six-cities-4\\src\\components\\place-card\\place-card.jsx","statementMap":{"0":{"start":{"line":7,"column":18},"end":{"line":57,"column":1}},"1":{"start":{"line":8,"column":61},"end":{"line":8,"column":66}},"2":{"start":{"line":9,"column":24},"end":{"line":9,"column":48}},"3":{"start":{"line":9,"column":30},"end":{"line":9,"column":48}},"4":{"start":{"line":10,"column":30},"end":{"line":10,"column":60}},"5":{"start":{"line":10,"column":36},"end":{"line":10,"column":60}},"6":{"start":{"line":11,"column":32},"end":{"line":11,"column":76}},"7":{"start":{"line":13,"column":2},"end":{"line":56,"column":4}},"8":{"start":{"line":59,"column":0},"end":{"line":71,"column":2}}},"fnMap":{"0":{"name":"(anonymous_0)","decl":{"start":{"line":7,"column":18},"end":{"line":7,"column":19}},"loc":{"start":{"line":7,"column":29},"end":{"line":57,"column":1}},"line":7},"1":{"name":"(anonymous_1)","decl":{"start":{"line":9,"column":24},"end":{"line":9,"column":25}},"loc":{"start":{"line":9,"column":30},"end":{"line":9,"column":48}},"line":9},"2":{"name":"(anonymous_2)","decl":{"start":{"line":10,"column":30},"end":{"line":10,"column":31}},"loc":{"start":{"line":10,"column":36},"end":{"line":10,"column":60}},"line":10}},"branchMap":{"0":{"loc":{"start":{"line":18,"column":7},"end":{"line":21,"column":14}},"type":"binary-expr","locations":[{"start":{"line":18,"column":7},"end":{"line":18,"column":17}},{"start":{"line":19,"column":8},"end":{"line":21,"column":14}}],"line":18}},"s":{"0":7,"1":28,"2":28,"3":1,"4":28,"5":6,"6":28,"7":28,"8":7},"f":{"0":28,"1":1,"2":6},"b":{"0":[28,23]},"_coverageSchema":"1a1c01bbd47fc00a2c39e90264f33305004495a9","hash":"da5903d1566aac244f00949dde5903936805c286"}
,"C:\\Users\\Mikael Magtesyan\\Desktop\\projects\\1100875-six-cities-4\\src\\components\\place-cards-list\\place-cards-list.jsx": {"path":"C:\\Users\\Mikael Magtesyan\\Desktop\\projects\\1100875-six-cities-4\\src\\components\\place-cards-list\\place-cards-list.jsx","statementMap":{"0":{"start":{"line":9,"column":4},"end":{"line":18,"column":5}},"1":{"start":{"line":11,"column":8},"end":{"line":11,"column":64}},"2":{"start":{"line":11,"column":45},"end":{"line":11,"column":62}},"3":{"start":{"line":13,"column":8},"end":{"line":13,"column":64}},"4":{"start":{"line":13,"column":45},"end":{"line":13,"column":62}},"5":{"start":{"line":15,"column":8},"end":{"line":15,"column":66}},"6":{"start":{"line":15,"column":45},"end":{"line":15,"column":64}},"7":{"start":{"line":17,"column":8},"end":{"line":17,"column":22}},"8":{"start":{"line":22,"column":165},"end":{"line":22,"column":175}},"9":{"start":{"line":23,"column":34},"end":{"line":23,"column":132}},"10":{"start":{"line":25,"column":18},"end":{"line":33,"column":5}},"11":{"start":{"line":26,"column":6},"end":{"line":32,"column":8}},"12":{"start":{"line":35,"column":4},"end":{"line":53,"column":6}},"13":{"start":{"line":57,"column":0},"end":{"line":68,"column":2}}},"fnMap":{"0":{"name":"(anonymous_0)","decl":{"start":{"line":8,"column":2},"end":{"line":8,"column":3}},"loc":{"start":{"line":8,"column":32},"end":{"line":19,"column":3}},"line":8},"1":{"name":"(anonymous_1)","decl":{"start":{"line":11,"column":35},"end":{"line":11,"column":36}},"loc":{"start":{"line":11,"column":45},"end":{"line":11,"column":62}},"line":11},"2":{"name":"(anonymous_2)","decl":{"start":{"line":13,"column":35},"end":{"line":13,"column":36}},"loc":{"start":{"line":13,"column":45},"end":{"line":13,"column":62}},"line":13},"3":{"name":"(anonymous_3)","decl":{"start":{"line":15,"column":35},"end":{"line":15,"column":36}},"loc":{"start":{"line":15,"column":45},"end":{"line":15,"column":64}},"line":15},"4":{"name":"(anonymous_4)","decl":{"start":{"line":21,"column":2},"end":{"line":21,"column":3}},"loc":{"start":{"line":21,"column":11},"end":{"line":54,"column":3}},"line":21},"5":{"name":"(anonymous_5)","decl":{"start":{"line":25,"column":68},"end":{"line":25,"column":69}},"loc":{"start":{"line":26,"column":6},"end":{"line":32,"column":8}},"line":26}},"branchMap":{"0":{"loc":{"start":{"line":9,"column":4},"end":{"line":18,"column":5}},"type":"switch","locations":[{"start":{"line":10,"column":6},"end":{"line":11,"column":64}},{"start":{"line":12,"column":6},"end":{"line":13,"column":64}},{"start":{"line":14,"column":6},"end":{"line":15,"column":66}},{"start":{"line":16,"column":6},"end":{"line":17,"column":22}}],"line":9},"1":{"loc":{"start":{"line":23,"column":34},"end":{"line":23,"column":132}},"type":"cond-expr","locations":[{"start":{"line":23,"column":50},"end":{"line":23,"column":100}},{"start":{"line":23,"column":103},"end":{"line":23,"column":132}}],"line":23},"2":{"loc":{"start":{"line":37,"column":9},"end":{"line":50,"column":18}},"type":"binary-expr","locations":[{"start":{"line":37,"column":9},"end":{"line":37,"column":28}},{"start":{"line":37,"column":32},"end":{"line":50,"column":18}}],"line":37},"3":{"loc":{"start":{"line":51,"column":9},"end":{"line":51,"column":38}},"type":"binary-expr","locations":[{"start":{"line":51,"column":9},"end":{"line":51,"column":29}},{"start":{"line":51,"column":33},"end":{"line":51,"column":38}}],"line":51}},"s":{"0":5,"1":0,"2":0,"3":0,"4":0,"5":0,"6":0,"7":5,"8":5,"9":5,"10":5,"11":25,"12":5,"13":5},"f":{"0":5,"1":0,"2":0,"3":0,"4":5,"5":25},"b":{"0":[0,0,0,5],"1":[5,0],"2":[5,3],"3":[5,2]},"_coverageSchema":"1a1c01bbd47fc00a2c39e90264f33305004495a9","hash":"c451f1611954565b4ab55df10e8f06057cd8e143"}
,"C:\\Users\\Mikael Magtesyan\\Desktop\\projects\\1100875-six-cities-4\\src\\components\\place-details\\place-details.jsx": {"path":"C:\\Users\\Mikael Magtesyan\\Desktop\\projects\\1100875-six-cities-4\\src\\components\\place-details\\place-details.jsx","statementMap":{"0":{"start":{"line":11,"column":21},"end":{"line":132,"column":1}},"1":{"start":{"line":12,"column":75},"end":{"line":12,"column":80}},"2":{"start":{"line":13,"column":32},"end":{"line":13,"column":76}},"3":{"start":{"line":14,"column":2},"end":{"line":131,"column":4}},"4":{"start":{"line":134,"column":0},"end":{"line":164,"column":2}}},"fnMap":{"0":{"name":"(anonymous_0)","decl":{"start":{"line":11,"column":21},"end":{"line":11,"column":22}},"loc":{"start":{"line":11,"column":32},"end":{"line":132,"column":1}},"line":11}},"branchMap":{"0":{"loc":{"start":{"line":46,"column":15},"end":{"line":49,"column":22}},"type":"binary-expr","locations":[{"start":{"line":46,"column":15},"end":{"line":46,"column":25}},{"start":{"line":47,"column":16},"end":{"line":49,"column":22}}],"line":46},"1":{"loc":{"start":{"line":90,"column":62},"end":{"line":90,"column":123}},"type":"cond-expr","locations":[{"start":{"line":90,"column":87},"end":{"line":90,"column":118}},{"start":{"line":90,"column":121},"end":{"line":90,"column":123}}],"line":90}},"s":{"0":2,"1":1,"2":1,"3":1,"4":2},"f":{"0":1},"b":{"0":[1,1],"1":[1,0]},"_coverageSchema":"1a1c01bbd47fc00a2c39e90264f33305004495a9","hash":"eca8419c25e9a3dc0631933473d9225f4a5b837e"}
,"C:\\Users\\Mikael Magtesyan\\Desktop\\projects\\1100875-six-cities-4\\src\\components\\place-details-features\\place-details-features.jsx": {"path":"C:\\Users\\Mikael Magtesyan\\Desktop\\projects\\1100875-six-cities-4\\src\\components\\place-details-features\\place-details-features.jsx","statementMap":{"0":{"start":{"line":4,"column":29},"end":{"line":23,"column":1}},"1":{"start":{"line":5,"column":21},"end":{"line":5,"column":26}},"2":{"start":{"line":7,"column":23},"end":{"line":13,"column":4}},"3":{"start":{"line":8,"column":4},"end":{"line":12,"column":6}},"4":{"start":{"line":15,"column":2},"end":{"line":22,"column":4}},"5":{"start":{"line":25,"column":0},"end":{"line":27,"column":2}}},"fnMap":{"0":{"name":"(anonymous_0)","decl":{"start":{"line":4,"column":29},"end":{"line":4,"column":30}},"loc":{"start":{"line":4,"column":40},"end":{"line":23,"column":1}},"line":4},"1":{"name":"(anonymous_1)","decl":{"start":{"line":7,"column":36},"end":{"line":7,"column":37}},"loc":{"start":{"line":7,"column":49},"end":{"line":13,"column":3}},"line":7}},"branchMap":{},"s":{"0":3,"1":2,"2":2,"3":18,"4":2,"5":3},"f":{"0":2,"1":18},"b":{},"_coverageSchema":"1a1c01bbd47fc00a2c39e90264f33305004495a9","hash":"b655a200ec0f50a6f1adbd2f2d937c3024a2fefc"}
,"C:\\Users\\Mikael Magtesyan\\Desktop\\projects\\1100875-six-cities-4\\src\\components\\place-details-gallery\\place-details-gallery.jsx": {"path":"C:\\Users\\Mikael Magtesyan\\Desktop\\projects\\1100875-six-cities-4\\src\\components\\place-details-gallery\\place-details-gallery.jsx","statementMap":{"0":{"start":{"line":5,"column":28},"end":{"line":23,"column":1}},"1":{"start":{"line":6,"column":21},"end":{"line":6,"column":26}},"2":{"start":{"line":8,"column":23},"end":{"line":14,"column":4}},"3":{"start":{"line":9,"column":4},"end":{"line":13,"column":6}},"4":{"start":{"line":16,"column":2},"end":{"line":22,"column":4}},"5":{"start":{"line":25,"column":0},"end":{"line":27,"column":2}}},"fnMap":{"0":{"name":"(anonymous_0)","decl":{"start":{"line":5,"column":28},"end":{"line":5,"column":29}},"loc":{"start":{"line":5,"column":39},"end":{"line":23,"column":1}},"line":5},"1":{"name":"(anonymous_1)","decl":{"start":{"line":8,"column":36},"end":{"line":8,"column":37}},"loc":{"start":{"line":8,"column":49},"end":{"line":14,"column":3}},"line":8}},"branchMap":{},"s":{"0":3,"1":2,"2":2,"3":12,"4":2,"5":3},"f":{"0":2,"1":12},"b":{},"_coverageSchema":"1a1c01bbd47fc00a2c39e90264f33305004495a9","hash":"e850b147fb10f69bbf31ce2856f6a94f89bb24dc"}
,"C:\\Users\\Mikael Magtesyan\\Desktop\\projects\\1100875-six-cities-4\\src\\components\\places-sorting\\places-sorting.jsx": {"path":"C:\\Users\\Mikael Magtesyan\\Desktop\\projects\\1100875-six-cities-4\\src\\components\\places-sorting\\places-sorting.jsx","statementMap":{"0":{"start":{"line":6,"column":98},"end":{"line":6,"column":108}},"1":{"start":{"line":7,"column":30},"end":{"line":7,"column":77}},"2":{"start":{"line":8,"column":33},"end":{"line":25,"column":6}},"3":{"start":{"line":9,"column":33},"end":{"line":9,"column":100}},"4":{"start":{"line":11,"column":32},"end":{"line":13,"column":7}},"5":{"start":{"line":12,"column":8},"end":{"line":12,"column":37}},"6":{"start":{"line":15,"column":6},"end":{"line":24,"column":8}},"7":{"start":{"line":27,"column":4},"end":{"line":47,"column":6}},"8":{"start":{"line":51,"column":0},"end":{"line":57,"column":2}}},"fnMap":{"0":{"name":"(anonymous_0)","decl":{"start":{"line":5,"column":2},"end":{"line":5,"column":3}},"loc":{"start":{"line":5,"column":11},"end":{"line":48,"column":3}},"line":5},"1":{"name":"(anonymous_1)","decl":{"start":{"line":8,"column":52},"end":{"line":8,"column":53}},"loc":{"start":{"line":8,"column":64},"end":{"line":25,"column":5}},"line":8},"2":{"name":"(anonymous_2)","decl":{"start":{"line":11,"column":32},"end":{"line":11,"column":33}},"loc":{"start":{"line":11,"column":38},"end":{"line":13,"column":7}},"line":11}},"branchMap":{"0":{"loc":{"start":{"line":7,"column":30},"end":{"line":7,"column":77}},"type":"cond-expr","locations":[{"start":{"line":7,"column":47},"end":{"line":7,"column":72}},{"start":{"line":7,"column":75},"end":{"line":7,"column":77}}],"line":7},"1":{"loc":{"start":{"line":9,"column":33},"end":{"line":9,"column":100}},"type":"cond-expr","locations":[{"start":{"line":9,"column":71},"end":{"line":9,"column":95}},{"start":{"line":9,"column":98},"end":{"line":9,"column":100}}],"line":9}},"s":{"0":5,"1":5,"2":5,"3":20,"4":20,"5":0,"6":20,"7":5,"8":7},"f":{"0":5,"1":20,"2":0},"b":{"0":[2,3],"1":[5,15]},"_coverageSchema":"1a1c01bbd47fc00a2c39e90264f33305004495a9","hash":"c3346ba7608e83a35c34fe9c8455ca6f1dbf3c3b"}
,"C:\\Users\\Mikael Magtesyan\\Desktop\\projects\\1100875-six-cities-4\\src\\components\\sign-in\\sign-in.jsx": {"path":"C:\\Users\\Mikael Magtesyan\\Desktop\\projects\\1100875-six-cities-4\\src\\components\\sign-in\\sign-in.jsx","statementMap":{"0":{"start":{"line":4,"column":15},"end":{"line":74,"column":1}},"1":{"start":{"line":5,"column":21},"end":{"line":5,"column":26}},"2":{"start":{"line":6,"column":19},"end":{"line":6,"column":30}},"3":{"start":{"line":7,"column":22},"end":{"line":7,"column":33}},"4":{"start":{"line":9,"column":23},"end":{"line":15,"column":3}},"5":{"start":{"line":10,"column":4},"end":{"line":10,"column":25}},"6":{"start":{"line":11,"column":4},"end":{"line":14,"column":7}},"7":{"start":{"line":17,"column":2},"end":{"line":73,"column":4}},"8":{"start":{"line":76,"column":0},"end":{"line":78,"column":2}}},"fnMap":{"0":{"name":"(anonymous_0)","decl":{"start":{"line":4,"column":15},"end":{"line":4,"column":16}},"loc":{"start":{"line":4,"column":26},"end":{"line":74,"column":1}},"line":4},"1":{"name":"(anonymous_1)","decl":{"start":{"line":9,"column":23},"end":{"line":9,"column":24}},"loc":{"start":{"line":9,"column":32},"end":{"line":15,"column":3}},"line":9}},"branchMap":{},"s":{"0":2,"1":1,"2":1,"3":1,"4":1,"5":0,"6":0,"7":1,"8":2},"f":{"0":1,"1":0},"b":{},"_coverageSchema":"1a1c01bbd47fc00a2c39e90264f33305004495a9","hash":"d8f6376504c545145b031f4e20afe2006ee8d859"}
,"C:\\Users\\Mikael Magtesyan\\Desktop\\projects\\1100875-six-cities-4\\src\\hocs\\with-sorting\\with-sorting.js": {"path":"C:\\Users\\Mikael Magtesyan\\Desktop\\projects\\1100875-six-cities-4\\src\\hocs\\with-sorting\\with-sorting.js","statementMap":{"0":{"start":{"line":3,"column":23},"end":{"line":16,"column":1}},"1":{"start":{"line":18,"column":20},"end":{"line":58,"column":1}},"2":{"start":{"line":21,"column":6},"end":{"line":21,"column":19}},"3":{"start":{"line":22,"column":6},"end":{"line":22,"column":65}},"4":{"start":{"line":23,"column":6},"end":{"line":23,"column":69}},"5":{"start":{"line":25,"column":6},"end":{"line":28,"column":8}},"6":{"start":{"line":32,"column":6},"end":{"line":34,"column":10}},"7":{"start":{"line":32,"column":36},"end":{"line":34,"column":7}},"8":{"start":{"line":38,"column":6},"end":{"line":40,"column":9}},"9":{"start":{"line":44,"column":6},"end":{"line":53,"column":8}},"10":{"start":{"line":57,"column":2},"end":{"line":57,"column":21}}},"fnMap":{"0":{"name":"(anonymous_0)","decl":{"start":{"line":18,"column":20},"end":{"line":18,"column":21}},"loc":{"start":{"line":18,"column":35},"end":{"line":58,"column":1}},"line":18},"1":{"name":"(anonymous_1)","decl":{"start":{"line":20,"column":4},"end":{"line":20,"column":5}},"loc":{"start":{"line":20,"column":23},"end":{"line":29,"column":5}},"line":20},"2":{"name":"(anonymous_2)","decl":{"start":{"line":31,"column":4},"end":{"line":31,"column":5}},"loc":{"start":{"line":31,"column":24},"end":{"line":35,"column":5}},"line":31},"3":{"name":"(anonymous_3)","decl":{"start":{"line":32,"column":20},"end":{"line":32,"column":21}},"loc":{"start":{"line":32,"column":36},"end":{"line":34,"column":7}},"line":32},"4":{"name":"(anonymous_4)","decl":{"start":{"line":37,"column":4},"end":{"line":37,"column":5}},"loc":{"start":{"line":37,"column":34},"end":{"line":41,"column":5}},"line":37},"5":{"name":"(anonymous_5)","decl":{"start":{"line":43,"column":4},"end":{"line":43,"column":5}},"loc":{"start":{"line":43,"column":13},"end":{"line":54,"column":5}},"line":43}},"branchMap":{},"s":{"0":4,"1":4,"2":4,"3":4,"4":4,"5":4,"6":0,"7":0,"8":1,"9":5,"10":4},"f":{"0":4,"1":4,"2":0,"3":0,"4":1,"5":5},"b":{},"_coverageSchema":"1a1c01bbd47fc00a2c39e90264f33305004495a9","hash":"2452f0ed1d9aa23d1025621bb5815081d5d88e21"}
,"C:\\Users\\Mikael Magtesyan\\Desktop\\projects\\1100875-six-cities-4\\src\\redux\\name-space.js": {"path":"C:\\Users\\Mikael Magtesyan\\Desktop\\projects\\1100875-six-cities-4\\src\\redux\\name-space.js","statementMap":{"0":{"start":{"line":1,"column":18},"end":{"line":5,"column":1}}},"fnMap":{},"branchMap":{},"s":{"0":1},"f":{},"b":{},"_coverageSchema":"1a1c01bbd47fc00a2c39e90264f33305004495a9","hash":"11dea0837ea90830c925c916504669ad2b059906"}
,"C:\\Users\\Mikael Magtesyan\\Desktop\\projects\\1100875-six-cities-4\\src\\redux\\application\\application.js": {"path":"C:\\Users\\Mikael Magtesyan\\Desktop\\projects\\1100875-six-cities-4\\src\\redux\\application\\application.js","statementMap":{"0":{"start":{"line":1,"column":21},"end":{"line":6,"column":1}},"1":{"start":{"line":8,"column":19},"end":{"line":15,"column":1}},"2":{"start":{"line":17,"column":22},"end":{"line":40,"column":1}},"3":{"start":{"line":18,"column":29},"end":{"line":21,"column":3}},"4":{"start":{"line":23,"column":33},"end":{"line":26,"column":3}},"5":{"start":{"line":28,"column":25},"end":{"line":30,"column":3}},"6":{"start":{"line":32,"column":25},"end":{"line":34,"column":3}},"7":{"start":{"line":36,"column":25},"end":{"line":39,"column":3}},"8":{"start":{"line":42,"column":16},"end":{"line":69,"column":1}},"9":{"start":{"line":43,"column":2},"end":{"line":68,"column":3}},"10":{"start":{"line":45,"column":6},"end":{"line":47,"column":9}},"11":{"start":{"line":49,"column":6},"end":{"line":51,"column":9}},"12":{"start":{"line":53,"column":6},"end":{"line":56,"column":9}},"13":{"start":{"line":58,"column":6},"end":{"line":60,"column":9}},"14":{"start":{"line":62,"column":6},"end":{"line":64,"column":9}},"15":{"start":{"line":67,"column":6},"end":{"line":67,"column":19}}},"fnMap":{"0":{"name":"(anonymous_0)","decl":{"start":{"line":18,"column":17},"end":{"line":18,"column":18}},"loc":{"start":{"line":18,"column":29},"end":{"line":21,"column":3}},"line":18},"1":{"name":"(anonymous_1)","decl":{"start":{"line":23,"column":21},"end":{"line":23,"column":22}},"loc":{"start":{"line":23,"column":33},"end":{"line":26,"column":3}},"line":23},"2":{"name":"(anonymous_2)","decl":{"start":{"line":28,"column":18},"end":{"line":28,"column":19}},"loc":{"start":{"line":28,"column":25},"end":{"line":30,"column":3}},"line":28},"3":{"name":"(anonymous_3)","decl":{"start":{"line":32,"column":18},"end":{"line":32,"column":19}},"loc":{"start":{"line":32,"column":25},"end":{"line":34,"column":3}},"line":32},"4":{"name":"(anonymous_4)","decl":{"start":{"line":36,"column":14},"end":{"line":36,"column":15}},"loc":{"start":{"line":36,"column":25},"end":{"line":39,"column":3}},"line":36},"5":{"name":"(anonymous_5)","decl":{"start":{"line":42,"column":16},"end":{"line":42,"column":17}},"loc":{"start":{"line":42,"column":50},"end":{"line":69,"column":1}},"line":42}},"branchMap":{"0":{"loc":{"start":{"line":42,"column":17},"end":{"line":42,"column":37}},"type":"default-arg","locations":[{"start":{"line":42,"column":25},"end":{"line":42,"column":37}}],"line":42},"1":{"loc":{"start":{"line":43,"column":2},"end":{"line":68,"column":3}},"type":"switch","locations":[{"start":{"line":44,"column":4},"end":{"line":47,"column":9}},{"start":{"line":48,"column":4},"end":{"line":51,"column":9}},{"start":{"line":52,"column":4},"end":{"line":56,"column":9}},{"start":{"line":57,"column":4},"end":{"line":60,"column":9}},{"start":{"line":61,"column":4},"end":{"line":64,"column":9}},{"start":{"line":66,"column":4},"end":{"line":67,"column":19}}],"line":43}},"s":{"0":3,"1":3,"2":3,"3":0,"4":0,"5":0,"6":0,"7":1,"8":3,"9":2,"10":0,"11":2,"12":0,"13":0,"14":0,"15":0},"f":{"0":0,"1":0,"2":0,"3":0,"4":1,"5":2},"b":{"0":[0],"1":[0,2,0,0,0,0]},"_coverageSchema":"1a1c01bbd47fc00a2c39e90264f33305004495a9","hash":"f46c51f4895105048135a9471fc898677aeb6e8f"}
,"C:\\Users\\Mikael Magtesyan\\Desktop\\projects\\1100875-six-cities-4\\src\\redux\\application\\selectors.js": {"path":"C:\\Users\\Mikael Magtesyan\\Desktop\\projects\\1100875-six-cities-4\\src\\redux\\application\\selectors.js","statementMap":{"0":{"start":{"line":4,"column":19},"end":{"line":4,"column":40}},"1":{"start":{"line":6,"column":23},"end":{"line":8,"column":1}},"2":{"start":{"line":7,"column":2},"end":{"line":7,"column":32}},"3":{"start":{"line":10,"column":23},"end":{"line":12,"column":1}},"4":{"start":{"line":11,"column":2},"end":{"line":11,"column":32}},"5":{"start":{"line":14,"column":24},"end":{"line":16,"column":1}},"6":{"start":{"line":15,"column":2},"end":{"line":15,"column":33}},"7":{"start":{"line":18,"column":30},"end":{"line":20,"column":1}},"8":{"start":{"line":19,"column":2},"end":{"line":19,"column":39}}},"fnMap":{"0":{"name":"(anonymous_0)","decl":{"start":{"line":6,"column":23},"end":{"line":6,"column":24}},"loc":{"start":{"line":6,"column":34},"end":{"line":8,"column":1}},"line":6},"1":{"name":"(anonymous_1)","decl":{"start":{"line":10,"column":23},"end":{"line":10,"column":24}},"loc":{"start":{"line":10,"column":34},"end":{"line":12,"column":1}},"line":10},"2":{"name":"(anonymous_2)","decl":{"start":{"line":14,"column":24},"end":{"line":14,"column":25}},"loc":{"start":{"line":14,"column":35},"end":{"line":16,"column":1}},"line":14},"3":{"name":"(anonymous_3)","decl":{"start":{"line":18,"column":30},"end":{"line":18,"column":31}},"loc":{"start":{"line":18,"column":41},"end":{"line":20,"column":1}},"line":18}},"branchMap":{},"s":{"0":1,"1":1,"2":0,"3":1,"4":0,"5":1,"6":0,"7":1,"8":0},"f":{"0":0,"1":0,"2":0,"3":0},"b":{},"_coverageSchema":"1a1c01bbd47fc00a2c39e90264f33305004495a9","hash":"78368f53071758429b04e55c6c5180a3470609d1"}
,"C:\\Users\\Mikael Magtesyan\\Desktop\\projects\\1100875-six-cities-4\\src\\redux\\data\\data.js": {"path":"C:\\Users\\Mikael Magtesyan\\Desktop\\projects\\1100875-six-cities-4\\src\\redux\\data\\data.js","statementMap":{"0":{"start":{"line":4,"column":21},"end":{"line":7,"column":1}},"1":{"start":{"line":9,"column":19},"end":{"line":12,"column":1}},"2":{"start":{"line":14,"column":22},"end":{"line":23,"column":1}},"3":{"start":{"line":15,"column":30},"end":{"line":18,"column":3}},"4":{"start":{"line":19,"column":26},"end":{"line":22,"column":3}},"5":{"start":{"line":25,"column":18},"end":{"line":35,"column":1}},"6":{"start":{"line":26,"column":19},"end":{"line":34,"column":3}},"7":{"start":{"line":27,"column":4},"end":{"line":33,"column":9}},"8":{"start":{"line":29,"column":27},"end":{"line":29,"column":55}},"9":{"start":{"line":30,"column":23},"end":{"line":30,"column":52}},"10":{"start":{"line":31,"column":8},"end":{"line":31,"column":50}},"11":{"start":{"line":32,"column":8},"end":{"line":32,"column":54}},"12":{"start":{"line":37,"column":16},"end":{"line":51,"column":1}},"13":{"start":{"line":38,"column":2},"end":{"line":50,"column":3}},"14":{"start":{"line":40,"column":6},"end":{"line":42,"column":9}},"15":{"start":{"line":44,"column":6},"end":{"line":46,"column":9}},"16":{"start":{"line":49,"column":6},"end":{"line":49,"column":19}}},"fnMap":{"0":{"name":"(anonymous_0)","decl":{"start":{"line":15,"column":13},"end":{"line":15,"column":14}},"loc":{"start":{"line":15,"column":30},"end":{"line":18,"column":3}},"line":15},"1":{"name":"(anonymous_1)","decl":{"start":{"line":19,"column":13},"end":{"line":19,"column":14}},"loc":{"start":{"line":19,"column":26},"end":{"line":22,"column":3}},"line":19},"2":{"name":"(anonymous_2)","decl":{"start":{"line":26,"column":13},"end":{"line":26,"column":14}},"loc":{"start":{"line":26,"column":19},"end":{"line":34,"column":3}},"line":26},"3":{"name":"(anonymous_3)","decl":{"start":{"line":26,"column":19},"end":{"line":26,"column":20}},"loc":{"start":{"line":26,"column":48},"end":{"line":34,"column":3}},"line":26},"4":{"name":"(anonymous_4)","decl":{"start":{"line":28,"column":12},"end":{"line":28,"column":13}},"loc":{"start":{"line":28,"column":26},"end":{"line":33,"column":7}},"line":28},"5":{"name":"(anonymous_5)","decl":{"start":{"line":37,"column":16},"end":{"line":37,"column":17}},"loc":{"start":{"line":37,"column":50},"end":{"line":51,"column":1}},"line":37}},"branchMap":{"0":{"loc":{"start":{"line":37,"column":17},"end":{"line":37,"column":37}},"type":"default-arg","locations":[{"start":{"line":37,"column":25},"end":{"line":37,"column":37}}],"line":37},"1":{"loc":{"start":{"line":38,"column":2},"end":{"line":50,"column":3}},"type":"switch","locations":[{"start":{"line":39,"column":4},"end":{"line":42,"column":9}},{"start":{"line":43,"column":4},"end":{"line":46,"column":9}},{"start":{"line":48,"column":4},"end":{"line":49,"column":19}}],"line":38}},"s":{"0":2,"1":2,"2":2,"3":1,"4":1,"5":2,"6":1,"7":1,"8":1,"9":1,"10":1,"11":1,"12":2,"13":2,"14":1,"15":0,"16":1},"f":{"0":1,"1":1,"2":1,"3":1,"4":1,"5":2},"b":{"0":[1],"1":[1,0,1]},"_coverageSchema":"1a1c01bbd47fc00a2c39e90264f33305004495a9","hash":"9a868f23f2dacc5a9037b36bd424bffe837a9abc"}
,"C:\\Users\\Mikael Magtesyan\\Desktop\\projects\\1100875-six-cities-4\\src\\redux\\data\\selectors.js": {"path":"C:\\Users\\Mikael Magtesyan\\Desktop\\projects\\1100875-six-cities-4\\src\\redux\\data\\selectors.js","statementMap":{"0":{"start":{"line":4,"column":23},"end":{"line":6,"column":1}},"1":{"start":{"line":5,"column":2},"end":{"line":5,"column":43}},"2":{"start":{"line":8,"column":25},"end":{"line":10,"column":1}},"3":{"start":{"line":9,"column":2},"end":{"line":9,"column":38}},"4":{"start":{"line":12,"column":25},"end":{"line":14,"column":1}},"5":{"start":{"line":13,"column":2},"end":{"line":13,"column":38}},"6":{"start":{"line":16,"column":31},"end":{"line":25,"column":1}},"7":{"start":{"line":21,"column":25},"end":{"line":21,"column":42}},"8":{"start":{"line":22,"column":27},"end":{"line":22,"column":80}},"9":{"start":{"line":23,"column":6},"end":{"line":23,"column":26}}},"fnMap":{"0":{"name":"(anonymous_0)","decl":{"start":{"line":4,"column":23},"end":{"line":4,"column":24}},"loc":{"start":{"line":4,"column":34},"end":{"line":6,"column":1}},"line":4},"1":{"name":"(anonymous_1)","decl":{"start":{"line":8,"column":25},"end":{"line":8,"column":26}},"loc":{"start":{"line":8,"column":36},"end":{"line":10,"column":1}},"line":8},"2":{"name":"(anonymous_2)","decl":{"start":{"line":12,"column":25},"end":{"line":12,"column":26}},"loc":{"start":{"line":12,"column":36},"end":{"line":14,"column":1}},"line":12},"3":{"name":"(anonymous_3)","decl":{"start":{"line":20,"column":4},"end":{"line":20,"column":5}},"loc":{"start":{"line":20,"column":30},"end":{"line":24,"column":5}},"line":20}},"branchMap":{"0":{"loc":{"start":{"line":21,"column":25},"end":{"line":21,"column":42}},"type":"binary-expr","locations":[{"start":{"line":21,"column":25},"end":{"line":21,"column":29}},{"start":{"line":21,"column":33},"end":{"line":21,"column":42}}],"line":21},"1":{"loc":{"start":{"line":22,"column":27},"end":{"line":22,"column":80}},"type":"cond-expr","locations":[{"start":{"line":22,"column":49},"end":{"line":22,"column":55}},{"start":{"line":22,"column":58},"end":{"line":22,"column":80}}],"line":22}},"s":{"0":1,"1":0,"2":1,"3":0,"4":1,"5":0,"6":1,"7":0,"8":0,"9":0},"f":{"0":0,"1":0,"2":0,"3":0},"b":{"0":[0,0],"1":[0,0]},"_coverageSchema":"1a1c01bbd47fc00a2c39e90264f33305004495a9","hash":"e725d2e535c42f2f3a1d17e7c374cf4abc55984c"}
,"C:\\Users\\Mikael Magtesyan\\Desktop\\projects\\1100875-six-cities-4\\src\\redux\\user\\selectors.js": {"path":"C:\\Users\\Mikael Magtesyan\\Desktop\\projects\\1100875-six-cities-4\\src\\redux\\user\\selectors.js","statementMap":{"0":{"start":{"line":3,"column":19},"end":{"line":3,"column":33}},"1":{"start":{"line":6,"column":38},"end":{"line":8,"column":1}},"2":{"start":{"line":7,"column":2},"end":{"line":7,"column":47}},"3":{"start":{"line":10,"column":24},"end":{"line":12,"column":1}},"4":{"start":{"line":11,"column":2},"end":{"line":11,"column":33}}},"fnMap":{"0":{"name":"(anonymous_0)","decl":{"start":{"line":6,"column":38},"end":{"line":6,"column":39}},"loc":{"start":{"line":6,"column":49},"end":{"line":8,"column":1}},"line":6},"1":{"name":"(anonymous_1)","decl":{"start":{"line":10,"column":24},"end":{"line":10,"column":25}},"loc":{"start":{"line":10,"column":35},"end":{"line":12,"column":1}},"line":10}},"branchMap":{},"s":{"0":1,"1":1,"2":0,"3":1,"4":0},"f":{"0":0,"1":0},"b":{},"_coverageSchema":"1a1c01bbd47fc00a2c39e90264f33305004495a9","hash":"237cae8f893adedc3505dd83d40c0443a5bc8d87"}
,"C:\\Users\\Mikael Magtesyan\\Desktop\\projects\\1100875-six-cities-4\\src\\redux\\user\\user.js": {"path":"C:\\Users\\Mikael Magtesyan\\Desktop\\projects\\1100875-six-cities-4\\src\\redux\\user\\user.js","statementMap":{"0":{"start":{"line":4,"column":28},"end":{"line":7,"column":1}},"1":{"start":{"line":9,"column":21},"end":{"line":11,"column":1}},"2":{"start":{"line":13,"column":19},"end":{"line":16,"column":1}},"3":{"start":{"line":18,"column":22},"end":{"line":31,"column":1}},"4":{"start":{"line":20,"column":4},"end":{"line":23,"column":6}},"5":{"start":{"line":26,"column":4},"end":{"line":29,"column":6}},"6":{"start":{"line":33,"column":18},"end":{"line":52,"column":1}},"7":{"start":{"line":34,"column":19},"end":{"line":42,"column":3}},"8":{"start":{"line":35,"column":4},"end":{"line":41,"column":9}},"9":{"start":{"line":37,"column":8},"end":{"line":37,"column":79}},"10":{"start":{"line":40,"column":8},"end":{"line":40,"column":18}},"11":{"start":{"line":44,"column":23},"end":{"line":51,"column":3}},"12":{"start":{"line":45,"column":4},"end":{"line":50,"column":9}},"13":{"start":{"line":47,"column":8},"end":{"line":47,"column":79}},"14":{"start":{"line":48,"column":8},"end":{"line":48,"column":57}},"15":{"start":{"line":49,"column":8},"end":{"line":49,"column":52}},"16":{"start":{"line":54,"column":16},"end":{"line":67,"column":1}},"17":{"start":{"line":55,"column":2},"end":{"line":64,"column":3}},"18":{"start":{"line":57,"column":6},"end":{"line":59,"column":9}},"19":{"start":{"line":61,"column":6},"end":{"line":63,"column":9}},"20":{"start":{"line":66,"column":2},"end":{"line":66,"column":15}}},"fnMap":{"0":{"name":"(anonymous_0)","decl":{"start":{"line":19,"column":24},"end":{"line":19,"column":25}},"loc":{"start":{"line":19,"column":36},"end":{"line":24,"column":3}},"line":19},"1":{"name":"(anonymous_1)","decl":{"start":{"line":25,"column":12},"end":{"line":25,"column":13}},"loc":{"start":{"line":25,"column":23},"end":{"line":30,"column":3}},"line":25},"2":{"name":"(anonymous_2)","decl":{"start":{"line":34,"column":13},"end":{"line":34,"column":14}},"loc":{"start":{"line":34,"column":19},"end":{"line":42,"column":3}},"line":34},"3":{"name":"(anonymous_3)","decl":{"start":{"line":34,"column":19},"end":{"line":34,"column":20}},"loc":{"start":{"line":34,"column":48},"end":{"line":42,"column":3}},"line":34},"4":{"name":"(anonymous_4)","decl":{"start":{"line":36,"column":12},"end":{"line":36,"column":13}},"loc":{"start":{"line":36,"column":18},"end":{"line":38,"column":7}},"line":36},"5":{"name":"(anonymous_5)","decl":{"start":{"line":39,"column":13},"end":{"line":39,"column":14}},"loc":{"start":{"line":39,"column":22},"end":{"line":41,"column":7}},"line":39},"6":{"name":"(anonymous_6)","decl":{"start":{"line":44,"column":9},"end":{"line":44,"column":10}},"loc":{"start":{"line":44,"column":23},"end":{"line":51,"column":3}},"line":44},"7":{"name":"(anonymous_7)","decl":{"start":{"line":44,"column":23},"end":{"line":44,"column":24}},"loc":{"start":{"line":44,"column":52},"end":{"line":51,"column":3}},"line":44},"8":{"name":"(anonymous_8)","decl":{"start":{"line":46,"column":12},"end":{"line":46,"column":13}},"loc":{"start":{"line":46,"column":18},"end":{"line":50,"column":7}},"line":46},"9":{"name":"(anonymous_9)","decl":{"start":{"line":54,"column":16},"end":{"line":54,"column":17}},"loc":{"start":{"line":54,"column":50},"end":{"line":67,"column":1}},"line":54}},"branchMap":{"0":{"loc":{"start":{"line":54,"column":17},"end":{"line":54,"column":37}},"type":"default-arg","locations":[{"start":{"line":54,"column":25},"end":{"line":54,"column":37}}],"line":54},"1":{"loc":{"start":{"line":55,"column":2},"end":{"line":64,"column":3}},"type":"switch","locations":[{"start":{"line":56,"column":4},"end":{"line":59,"column":9}},{"start":{"line":60,"column":4},"end":{"line":63,"column":9}}],"line":55}},"s":{"0":2,"1":2,"2":2,"3":2,"4":2,"5":0,"6":2,"7":0,"8":0,"9":0,"10":0,"11":0,"12":0,"13":0,"14":0,"15":0,"16":2,"17":5,"18":4,"19":0,"20":1},"f":{"0":2,"1":0,"2":0,"3":0,"4":0,"5":0,"6":0,"7":0,"8":0,"9":5},"b":{"0":[1],"1":[4,0]},"_coverageSchema":"1a1c01bbd47fc00a2c39e90264f33305004495a9","hash":"3da7dcc3ae34a57b71df9cbb6be5ed400104d337"}
}
