TN:
SF:src\api.js
FN:7,(anonymous_0)
FN:14,(anonymous_1)
FN:18,(anonymous_2)
FNF:3
FNH:2
FNDA:1,(anonymous_0)
FNDA:1,(anonymous_1)
FNDA:0,(anonymous_2)
DA:3,1
DA:7,1
DA:8,1
DA:14,1
DA:15,1
DA:18,1
DA:19,0
DA:21,0
DA:22,0
DA:26,0
DA:29,0
DA:32,1
DA:34,1
LF:13
LH:8
BRDA:21,0,0,0
BRDA:21,0,1,0
BRF:2
BRH:0
end_of_record
TN:
SF:src\const.js
FNF:0
FNH:0
DA:1,9
DA:2,9
DA:10,9
DA:14,9
LF:4
LH:4
BRF:0
BRH:0
end_of_record
TN:
SF:src\adapters\offers.js
FN:6,(anonymous_0)
FN:32,(anonymous_1)
FN:33,(anonymous_2)
FNF:3
FNH:3
FNDA:1,(anonymous_0)
FNDA:1,(anonymous_1)
FNDA:1,(anonymous_2)
DA:3,2
DA:4,2
DA:6,2
DA:7,1
DA:29,1
DA:32,2
DA:33,1
DA:34,1
DA:35,1
DA:37,0
DA:39,1
DA:42,1
LF:12
LH:11
BRDA:22,0,0,1
BRDA:22,0,1,0
BRDA:34,1,0,1
BRDA:34,1,1,0
BRF:4
BRH:2
end_of_record
TN:
SF:src\clients\data.js
FN:1,(anonymous_0)
FNF:1
FNH:1
FNDA:1,(anonymous_0)
DA:1,2
LF:1
LH:1
BRF:0
BRH:0
end_of_record
TN:
SF:src\clients\login.js
FN:1,(anonymous_0)
FN:2,(anonymous_1)
FNF:2
FNH:0
FNDA:0,(anonymous_0)
FNDA:0,(anonymous_1)
DA:1,2
DA:2,2
LF:2
LH:2
BRF:0
BRH:0
end_of_record
TN:
SF:src\components\app\app.jsx
FN:19,(anonymous_0)
FN:62,(anonymous_1)
FN:107,(anonymous_2)
FN:118,(anonymous_3)
FN:119,(anonymous_4)
FN:122,(anonymous_5)
FN:125,(anonymous_6)
FN:128,(anonymous_7)
FN:132,(anonymous_8)
FNF:9
FNH:2
FNDA:1,(anonymous_0)
FNDA:1,(anonymous_1)
FNDA:0,(anonymous_2)
FNDA:0,(anonymous_3)
FNDA:0,(anonymous_4)
FNDA:0,(anonymous_5)
FNDA:0,(anonymous_6)
FNDA:0,(anonymous_7)
FNDA:0,(anonymous_8)
DA:20,1
DA:21,1
DA:23,1
DA:24,1
DA:40,0
DA:41,0
DA:52,0
DA:53,0
DA:59,0
DA:63,1
DA:64,1
DA:65,1
DA:91,1
DA:107,1
DA:118,1
DA:120,0
DA:123,0
DA:126,0
DA:129,0
DA:130,0
DA:133,0
LF:21
LH:10
BRDA:21,0,0,0
BRDA:21,0,1,1
BRDA:23,1,0,1
BRDA:23,1,1,0
BRDA:40,2,0,0
BRDA:40,2,1,0
BRDA:52,3,0,0
BRDA:52,3,1,0
BRDA:64,4,0,0
BRDA:64,4,1,1
BRF:10
BRH:3
end_of_record
TN:
SF:src\components\city\city.jsx
FN:4,(anonymous_0)
FN:7,(anonymous_1)
FNF:2
FNH:1
FNDA:12,(anonymous_0)
FNDA:0,(anonymous_1)
DA:4,5
DA:5,12
DA:6,12
DA:7,12
DA:9,12
DA:21,5
LF:6
LH:6
BRDA:6,0,0,5
BRDA:6,0,1,7
BRF:2
BRH:2
end_of_record
TN:
SF:src\components\city-list\city-list.jsx
FN:6,(anonymous_0)
FN:8,(anonymous_1)
FNF:2
FNH:2
FNDA:4,(anonymous_0)
FNDA:11,(anonymous_1)
DA:6,4
DA:7,4
DA:8,4
DA:9,11
DA:19,4
DA:28,4
LF:6
LH:6
BRF:0
BRH:0
end_of_record
TN:
SF:src\components\empty-screen\empty-screen.jsx
FN:3,(anonymous_0)
FNF:1
FNH:1
FNDA:1,(anonymous_0)
DA:3,4
DA:4,1
LF:2
LH:2
BRF:0
BRH:0
end_of_record
TN:
SF:src\components\feedback\feedback.jsx
FN:6,(anonymous_0)
FNF:1
FNH:1
FNDA:7,(anonymous_0)
DA:6,4
DA:7,7
DA:8,7
DA:9,7
DA:11,7
DA:37,4
LF:6
LH:6
BRF:0
BRH:0
end_of_record
TN:
SF:src\components\feedback-list\feedback-list.jsx
FN:6,(anonymous_0)
FN:8,(anonymous_1)
FNF:2
FNH:2
FNDA:2,(anonymous_0)
FNDA:6,(anonymous_1)
DA:6,3
DA:7,2
DA:8,2
DA:9,6
DA:17,2
DA:73,3
LF:6
LH:6
BRF:0
BRH:0
end_of_record
TN:
SF:src\components\main\main.jsx
FN:13,(anonymous_0)
FNF:1
FNH:1
FNDA:3,(anonymous_0)
DA:11,3
DA:13,3
DA:14,3
DA:15,3
DA:16,3
DA:17,3
DA:18,3
DA:20,3
DA:92,3
LF:9
LH:9
BRDA:16,0,0,0
BRDA:16,0,1,3
BRDA:17,1,0,0
BRDA:17,1,1,3
BRDA:18,2,0,3
BRDA:18,2,1,0
BRDA:39,3,0,3
BRDA:39,3,1,3
BRDA:42,4,0,3
BRDA:42,4,1,0
BRDA:64,5,0,3
BRDA:64,5,1,3
BRDA:72,6,0,3
BRDA:72,6,1,0
BRDA:75,7,0,3
BRDA:75,7,1,3
BRF:16
BRH:11
end_of_record
TN:
SF:src\components\map\map.jsx
FN:6,(anonymous_0)
FN:15,(anonymous_1)
FN:21,(anonymous_2)
FN:25,(anonymous_3)
FN:39,(anonymous_4)
FN:43,(anonymous_5)
FN:46,(anonymous_6)
FN:61,(anonymous_7)
FNF:8
FNH:7
FNDA:5,(anonymous_0)
FNDA:5,(anonymous_1)
FNDA:0,(anonymous_2)
FNDA:5,(anonymous_3)
FNDA:5,(anonymous_4)
FNDA:5,(anonymous_5)
FNDA:21,(anonymous_6)
FNDA:5,(anonymous_7)
DA:7,5
DA:8,5
DA:10,5
DA:11,5
DA:12,5
DA:16,5
DA:17,5
DA:18,5
DA:22,0
DA:26,5
DA:33,5
DA:40,5
DA:44,5
DA:46,5
DA:47,21
DA:48,21
DA:53,21
DA:54,20
DA:62,5
DA:68,5
LF:20
LH:19
BRDA:49,0,0,2
BRDA:49,0,1,19
BRDA:53,1,0,20
BRDA:53,1,1,1
BRF:4
BRH:4
end_of_record
TN:
SF:src\components\place-card\place-card.jsx
FN:7,(anonymous_0)
FN:9,(anonymous_1)
FN:10,(anonymous_2)
FNF:3
FNH:3
FNDA:28,(anonymous_0)
FNDA:1,(anonymous_1)
FNDA:6,(anonymous_2)
DA:7,7
DA:8,28
DA:9,28
DA:10,28
DA:11,28
DA:13,28
DA:59,7
LF:7
LH:7
BRDA:18,0,0,28
BRDA:18,0,1,23
BRF:2
BRH:2
end_of_record
TN:
SF:src\components\place-cards-list\place-cards-list.jsx
FN:8,(anonymous_0)
FN:11,(anonymous_1)
FN:13,(anonymous_2)
FN:15,(anonymous_3)
FN:21,(anonymous_4)
FN:25,(anonymous_5)
FNF:6
FNH:3
FNDA:5,(anonymous_0)
FNDA:0,(anonymous_1)
FNDA:0,(anonymous_2)
FNDA:0,(anonymous_3)
FNDA:5,(anonymous_4)
FNDA:25,(anonymous_5)
DA:9,5
DA:11,0
DA:13,0
DA:15,0
DA:17,5
DA:22,5
DA:23,5
DA:25,5
DA:26,25
DA:35,5
DA:57,5
LF:11
LH:8
BRDA:9,0,0,0
BRDA:9,0,1,0
BRDA:9,0,2,0
BRDA:9,0,3,5
BRDA:23,1,0,5
BRDA:23,1,1,0
BRDA:37,2,0,5
BRDA:37,2,1,3
BRDA:51,3,0,5
BRDA:51,3,1,2
BRF:10
BRH:6
end_of_record
TN:
SF:src\components\place-details\place-details.jsx
FN:11,(anonymous_0)
FNF:1
FNH:1
FNDA:1,(anonymous_0)
DA:11,2
DA:12,1
DA:13,1
DA:14,1
DA:134,2
LF:5
LH:5
BRDA:46,0,0,1
BRDA:46,0,1,1
BRDA:90,1,0,1
BRDA:90,1,1,0
BRF:4
BRH:3
end_of_record
TN:
SF:src\components\place-details-features\place-details-features.jsx
FN:4,(anonymous_0)
FN:7,(anonymous_1)
FNF:2
FNH:2
FNDA:2,(anonymous_0)
FNDA:18,(anonymous_1)
DA:4,3
DA:5,2
DA:7,2
DA:8,18
DA:15,2
DA:25,3
LF:6
LH:6
BRF:0
BRH:0
end_of_record
TN:
SF:src\components\place-details-gallery\place-details-gallery.jsx
FN:5,(anonymous_0)
FN:8,(anonymous_1)
FNF:2
FNH:2
FNDA:2,(anonymous_0)
FNDA:12,(anonymous_1)
DA:5,3
DA:6,2
DA:8,2
DA:9,12
DA:16,2
DA:25,3
LF:6
LH:6
BRF:0
BRH:0
end_of_record
TN:
SF:src\components\places-sorting\places-sorting.jsx
FN:5,(anonymous_0)
FN:8,(anonymous_1)
FN:11,(anonymous_2)
FNF:3
FNH:2
FNDA:5,(anonymous_0)
FNDA:20,(anonymous_1)
FNDA:0,(anonymous_2)
DA:6,5
DA:7,5
DA:8,5
DA:9,20
DA:11,20
DA:12,0
DA:15,20
DA:27,5
DA:51,7
LF:9
LH:8
BRDA:7,0,0,2
BRDA:7,0,1,3
BRDA:9,1,0,5
BRDA:9,1,1,15
BRF:4
BRH:4
end_of_record
TN:
SF:src\components\sign-in\sign-in.jsx
FN:4,(anonymous_0)
FN:9,(anonymous_1)
FNF:2
FNH:1
FNDA:1,(anonymous_0)
FNDA:0,(anonymous_1)
DA:4,2
DA:5,1
DA:6,1
DA:7,1
DA:9,1
DA:10,0
DA:11,0
DA:17,1
DA:76,2
LF:9
LH:7
BRF:0
BRH:0
end_of_record
TN:
SF:src\hocs\with-sorting\with-sorting.js
FN:18,(anonymous_0)
FN:20,(anonymous_1)
FN:31,(anonymous_2)
FN:32,(anonymous_3)
FN:37,(anonymous_4)
FN:43,(anonymous_5)
FNF:6
FNH:4
FNDA:4,(anonymous_0)
FNDA:4,(anonymous_1)
FNDA:0,(anonymous_2)
FNDA:0,(anonymous_3)
FNDA:1,(anonymous_4)
FNDA:5,(anonymous_5)
DA:3,4
DA:18,4
DA:21,4
DA:22,4
DA:23,4
DA:25,4
DA:32,0
DA:38,1
DA:44,5
DA:57,4
LF:10
LH:9
BRF:0
BRH:0
end_of_record
TN:
SF:src\redux\name-space.js
FNF:0
FNH:0
DA:1,1
LF:1
LH:1
BRF:0
BRH:0
end_of_record
TN:
SF:src\redux\application\application.js
FN:18,(anonymous_0)
FN:23,(anonymous_1)
FN:28,(anonymous_2)
FN:32,(anonymous_3)
FN:36,(anonymous_4)
FN:42,(anonymous_5)
FNF:6
FNH:2
FNDA:0,(anonymous_0)
FNDA:0,(anonymous_1)
FNDA:0,(anonymous_2)
FNDA:0,(anonymous_3)
FNDA:1,(anonymous_4)
FNDA:2,(anonymous_5)
DA:1,3
DA:8,3
DA:17,3
DA:18,0
DA:23,0
DA:28,0
DA:32,0
DA:36,1
DA:42,3
DA:43,2
DA:45,0
DA:49,2
DA:53,0
DA:58,0
DA:62,0
DA:67,0
LF:16
LH:7
BRDA:42,0,0,0
BRDA:43,1,0,0
BRDA:43,1,1,2
BRDA:43,1,2,0
BRDA:43,1,3,0
BRDA:43,1,4,0
BRDA:43,1,5,0
BRF:7
BRH:1
end_of_record
TN:
SF:src\redux\application\selectors.js
FN:6,(anonymous_0)
FN:10,(anonymous_1)
FN:14,(anonymous_2)
FN:18,(anonymous_3)
FNF:4
FNH:0
FNDA:0,(anonymous_0)
FNDA:0,(anonymous_1)
FNDA:0,(anonymous_2)
FNDA:0,(anonymous_3)
DA:4,1
DA:6,1
DA:7,0
DA:10,1
DA:11,0
DA:14,1
DA:15,0
DA:18,1
DA:19,0
LF:9
LH:5
BRF:0
BRH:0
end_of_record
TN:
SF:src\redux\data\data.js
FN:15,(anonymous_0)
FN:19,(anonymous_1)
FN:26,(anonymous_2)
FN:26,(anonymous_3)
FN:28,(anonymous_4)
FN:37,(anonymous_5)
FNF:6
FNH:6
FNDA:1,(anonymous_0)
FNDA:1,(anonymous_1)
FNDA:1,(anonymous_2)
FNDA:1,(anonymous_3)
FNDA:1,(anonymous_4)
FNDA:2,(anonymous_5)
DA:4,2
DA:9,2
DA:14,2
DA:15,1
DA:19,1
DA:25,2
DA:26,1
DA:27,1
DA:29,1
DA:30,1
DA:31,1
DA:32,1
DA:37,2
DA:38,2
DA:40,1
DA:44,0
DA:49,1
LF:17
LH:16
BRDA:37,0,0,1
BRDA:38,1,0,1
BRDA:38,1,1,0
BRDA:38,1,2,1
BRF:4
BRH:3
end_of_record
TN:
SF:src\redux\data\selectors.js
FN:4,(anonymous_0)
FN:8,(anonymous_1)
FN:12,(anonymous_2)
FN:20,(anonymous_3)
FNF:4
FNH:0
FNDA:0,(anonymous_0)
FNDA:0,(anonymous_1)
FNDA:0,(anonymous_2)
FNDA:0,(anonymous_3)
DA:4,1
DA:5,0
DA:8,1
DA:9,0
DA:12,1
DA:13,0
DA:16,1
DA:21,0
DA:22,0
DA:23,0
LF:10
LH:4
BRDA:21,0,0,0
BRDA:21,0,1,0
BRDA:22,1,0,0
BRDA:22,1,1,0
BRF:4
BRH:0
end_of_record
TN:
SF:src\redux\user\selectors.js
FN:6,(anonymous_0)
FN:10,(anonymous_1)
FNF:2
FNH:0
FNDA:0,(anonymous_0)
FNDA:0,(anonymous_1)
DA:3,1
DA:6,1
DA:7,0
DA:10,1
DA:11,0
LF:5
LH:3
BRF:0
BRH:0
end_of_record
TN:
SF:src\redux\user\user.js
FN:19,(anonymous_0)
FN:25,(anonymous_1)
FN:34,(anonymous_2)
FN:34,(anonymous_3)
FN:36,(anonymous_4)
FN:39,(anonymous_5)
FN:44,(anonymous_6)
FN:44,(anonymous_7)
FN:46,(anonymous_8)
FN:54,(anonymous_9)
FNF:10
FNH:2
FNDA:2,(anonymous_0)
FNDA:0,(anonymous_1)
FNDA:0,(anonymous_2)
FNDA:0,(anonymous_3)
FNDA:0,(anonymous_4)
FNDA:0,(anonymous_5)
FNDA:0,(anonymous_6)
FNDA:0,(anonymous_7)
FNDA:0,(anonymous_8)
FNDA:5,(anonymous_9)
DA:4,2
DA:9,2
DA:13,2
DA:18,2
DA:20,2
DA:26,0
DA:33,2
DA:34,0
DA:35,0
DA:37,0
DA:40,0
DA:44,0
DA:45,0
DA:47,0
DA:48,0
DA:49,0
DA:54,2
DA:55,5
DA:57,4
DA:61,0
DA:66,1
LF:21
LH:10
BRDA:54,0,0,1
BRDA:55,1,0,4
BRDA:55,1,1,0
BRF:3
BRH:2
end_of_record
